기간: 20190102 ~ 20220601
거래일: 893일, 기존: 0일, 생성: 893일
출력: _sp0b_none
=== 데이터 프리로드 (v2) ===
  OHLCV: all_ohlcv_20170601_20260612.parquet
    2481거래일 × 3405종목 (0→NaN 변환 완료)
  Market cap 일괄 로드 중...
    1092일 로드 (2.1초)
  Fundamentals 일괄 로드 중...
    1087일 로드 (2.2초)
  sectors: 10일
  재무제표 로드 중...
    2798종목 (DART 1834 + FnGuide 964, 불일치→FnGuide 124, FnGuide보충 1458483건)
  Growth 팩터 사전계산 중...
    2720종목, 893일 → 17.6초
  TTM 재무제표 사전계산 중...
    2798종목, 893일 → 11.0초
  종목명 빌드...
    캐시에서 2773종목 로드
  거래대금 20일 평균 사전계산 중...
    1092일 (0.9초)
  3년 연속 적자(현재): 539, ni_yearly 캐시: 2798종목
  자산급변(현재): 41, asset_rev_yearly 캐시: 2676종목
  프리로드 완료: 141.3초
[1/893] 20190102: 59종목, 0.7초 (~10분 남음)
[4/893] 20190105: FAIL — MA120 filter: 0 passed (0.0초)
[5/893] 20190106: FAIL — MA120 filter: 0 passed (0.0초)
    계절성 패널티: 1종목 (ratio>1.4, ×0.3)
    계절성 패널티: 1종목 (ratio>1.4, ×0.3)
    계절성 패널티: 1종목 (ratio>1.4, ×0.3)
    계절성 패널티: 1종목 (ratio>1.4, ×0.3)
[11/893] 20190112: FAIL — MA120 filter: 0 passed (0.0초)
[12/893] 20190113: FAIL — MA120 filter: 0 passed (0.0초)
    계절성 패널티: 1종목 (ratio>1.4, ×0.3)
    계절성 패널티: 1종목 (ratio>1.4, ×0.3)
[18/893] 20190119: FAIL — MA120 filter: 0 passed (0.0초)
[19/893] 20190120: FAIL — MA120 filter: 0 passed (0.0초)
    계절성 패널티: 1종목 (ratio>1.4, ×0.3)
    계절성 패널티: 1종목 (ratio>1.4, ×0.3)
    계절성 패널티: 1종목 (ratio>1.4, ×0.3)
    계절성 패널티: 1종목 (ratio>1.4, ×0.3)
    계절성 패널티: 1종목 (ratio>1.4, ×0.3)
[25/893] 20190126: FAIL — MA120 filter: 0 passed (0.0초)
[26/893] 20190127: FAIL — MA120 filter: 0 passed (0.0초)
    계절성 패널티: 1종목 (ratio>1.4, ×0.3)
    계절성 패널티: 1종목 (ratio>1.4, ×0.3)
    계절성 패널티: 1종목 (ratio>1.4, ×0.3)
    계절성 패널티: 1종목 (ratio>1.4, ×0.3)
    계절성 패널티: 1종목 (ratio>1.4, ×0.3)
[32/893] 20190202: FAIL — MA120 filter: 0 passed (0.0초)
[33/893] 20190203: FAIL — MA120 filter: 0 passed (0.0초)
[34/893] 20190204: FAIL — MA120 filter: 0 passed (0.0초)
[35/893] 20190205: FAIL — MA120 filter: 0 passed (0.0초)
[36/893] 20190206: FAIL — MA120 filter: 0 passed (0.0초)
    계절성 패널티: 1종목 (ratio>1.4, ×0.3)
    계절성 패널티: 1종목 (ratio>1.4, ×0.3)
[39/893] 20190209: FAIL — MA120 filter: 0 passed (0.0초)
[40/893] 20190210: FAIL — MA120 filter: 0 passed (0.0초)
    계절성 패널티: 1종목 (ratio>1.4, ×0.3)
    계절성 패널티: 1종목 (ratio>1.4, ×0.3)
    계절성 패널티: 1종목 (ratio>1.4, ×0.3)
    계절성 패널티: 1종목 (ratio>1.4, ×0.3)
    계절성 패널티: 1종목 (ratio>1.4, ×0.3)
[46/893] 20190216: FAIL — MA120 filter: 0 passed (0.0초)
[47/893] 20190217: FAIL — MA120 filter: 0 passed (0.0초)
    계절성 패널티: 1종목 (ratio>1.4, ×0.3)
    계절성 패널티: 1종목 (ratio>1.4, ×0.3)
    계절성 패널티: 1종목 (ratio>1.4, ×0.3)
[50/893] 20190220: 185종목, 1.2초 (~8분 남음)
    계절성 패널티: 1종목 (ratio>1.4, ×0.3)
    계절성 패널티: 1종목 (ratio>1.4, ×0.3)
[53/893] 20190223: FAIL — MA120 filter: 0 passed (0.0초)
[54/893] 20190224: FAIL — MA120 filter: 0 passed (0.0초)
    계절성 패널티: 1종목 (ratio>1.4, ×0.3)
    계절성 패널티: 1종목 (ratio>1.4, ×0.3)
    계절성 패널티: 1종목 (ratio>1.4, ×0.3)
[59/893] 20190301: FAIL — MA120 filter: 0 passed (0.0초)
[60/893] 20190302: FAIL — MA120 filter: 0 passed (0.0초)
[61/893] 20190303: FAIL — MA120 filter: 0 passed (0.0초)
[67/893] 20190309: FAIL — MA120 filter: 0 passed (0.0초)
[68/893] 20190310: FAIL — MA120 filter: 0 passed (0.0초)
[74/893] 20190316: FAIL — MA120 filter: 0 passed (0.0초)
[75/893] 20190317: FAIL — MA120 filter: 0 passed (0.0초)
[81/893] 20190323: FAIL — MA120 filter: 0 passed (0.0초)
[82/893] 20190324: FAIL — MA120 filter: 0 passed (0.0초)
    계절성 패널티: 1종목 (ratio>1.4, ×0.3)
[88/893] 20190330: FAIL — MA120 filter: 0 passed (0.0초)
[89/893] 20190331: FAIL — MA120 filter: 0 passed (0.0초)
    계절성 패널티: 1종목 (ratio>1.4, ×0.3)
    계절성 패널티: 1종목 (ratio>1.4, ×0.3)
    계절성 패널티: 1종목 (ratio>1.4, ×0.3)
    계절성 패널티: 1종목 (ratio>1.4, ×0.3)
    계절성 패널티: 1종목 (ratio>1.4, ×0.3)
[95/893] 20190406: FAIL — MA120 filter: 0 passed (0.0초)
[96/893] 20190407: FAIL — MA120 filter: 0 passed (0.0초)
    계절성 패널티: 1종목 (ratio>1.4, ×0.3)
    계절성 패널티: 1종목 (ratio>1.4, ×0.3)
    계절성 패널티: 1종목 (ratio>1.4, ×0.3)
[100/893] 20190411: 149종목, 1.2초 (~8분 남음)
[102/893] 20190413: FAIL — MA120 filter: 0 passed (0.0초)
[103/893] 20190414: FAIL — MA120 filter: 0 passed (0.0초)
[109/893] 20190420: FAIL — MA120 filter: 0 passed (0.0초)
[110/893] 20190421: FAIL — MA120 filter: 0 passed (0.0초)
[116/893] 20190427: FAIL — MA120 filter: 0 passed (0.0초)
[117/893] 20190428: FAIL — MA120 filter: 0 passed (0.0초)
[120/893] 20190501: FAIL — MA120 filter: 0 passed (0.0초)
[123/893] 20190504: FAIL — MA120 filter: 0 passed (0.0초)
[124/893] 20190505: FAIL — MA120 filter: 0 passed (0.0초)
[125/893] 20190506: FAIL — MA120 filter: 0 passed (0.0초)
[130/893] 20190511: FAIL — MA120 filter: 0 passed (0.0초)
[131/893] 20190512: FAIL — MA120 filter: 0 passed (0.0초)
[137/893] 20190518: FAIL — MA120 filter: 0 passed (0.0초)
[138/893] 20190519: FAIL — MA120 filter: 0 passed (0.0초)
[144/893] 20190525: FAIL — MA120 filter: 0 passed (0.0초)
[145/893] 20190526: FAIL — MA120 filter: 0 passed (0.0초)
[150/893] 20190531: 72종목, 0.6초 (~8분 남음)
[151/893] 20190601: FAIL — MA120 filter: 0 passed (0.0초)
[152/893] 20190602: FAIL — MA120 filter: 0 passed (0.0초)
[200/893] 20190808: 44종목, 0.5초 (~7분 남음)
[250/893] 20191024: 82종목, 0.7초 (~7분 남음)
    계절성 패널티: 1종목 (ratio>1.4, ×0.3)
    계절성 패널티: 1종목 (ratio>1.4, ×0.3)
    계절성 패널티: 1종목 (ratio>1.4, ×0.3)
    계절성 패널티: 1종목 (ratio>1.4, ×0.3)
    계절성 패널티: 1종목 (ratio>1.4, ×0.3)
    계절성 패널티: 1종목 (ratio>1.4, ×0.3)
    계절성 패널티: 1종목 (ratio>1.4, ×0.3)
    계절성 패널티: 1종목 (ratio>1.4, ×0.3)
    계절성 패널티: 1종목 (ratio>1.4, ×0.3)
    계절성 패널티: 1종목 (ratio>1.4, ×0.3)
    계절성 패널티: 1종목 (ratio>1.4, ×0.3)
    계절성 패널티: 1종목 (ratio>1.4, ×0.3)
    계절성 패널티: 1종목 (ratio>1.4, ×0.3)
    계절성 패널티: 1종목 (ratio>1.4, ×0.3)
    계절성 패널티: 1종목 (ratio>1.4, ×0.3)
    계절성 패널티: 1종목 (ratio>1.4, ×0.3)
    계절성 패널티: 1종목 (ratio>1.4, ×0.3)
    계절성 패널티: 1종목 (ratio>1.4, ×0.3)
    계절성 패널티: 1종목 (ratio>1.4, ×0.3)
    계절성 패널티: 1종목 (ratio>1.4, ×0.3)
    계절성 패널티: 1종목 (ratio>1.4, ×0.3)
    계절성 패널티: 1종목 (ratio>1.4, ×0.3)
    계절성 패널티: 1종목 (ratio>1.4, ×0.3)
    계절성 패널티: 1종목 (ratio>1.4, ×0.3)
    계절성 패널티: 1종목 (ratio>1.4, ×0.3)
    계절성 패널티: 1종목 (ratio>1.4, ×0.3)
    계절성 패널티: 1종목 (ratio>1.4, ×0.3)
[300/893] 20200107: 116종목, 1.1초 (~7분 남음)
    계절성 패널티: 1종목 (ratio>1.4, ×0.3)
    계절성 패널티: 1종목 (ratio>1.4, ×0.3)
    계절성 패널티: 1종목 (ratio>1.4, ×0.3)
    계절성 패널티: 1종목 (ratio>1.4, ×0.3)
    SG6 활성 (k=2239, ma=2104, 거리 +6.4%)
    QoQ 패널티(D6): 78종목 (×0.7)
    계절성 패널티: 1종목 (ratio>1.4, ×0.3)
    SG6 활성 (k=2231, ma=2104, 거리 +6.0%)
    QoQ 패널티(D6): 84종목 (×0.7)
    SG6 활성 (k=2248, ma=2104, 거리 +6.8%)
    QoQ 패널티(D6): 86종목 (×0.7)
    SG6 활성 (k=2251, ma=2104, 거리 +7.0%)
    QoQ 패널티(D6): 87종목 (×0.7)
    SG6 활성 (k=2263, ma=2104, 거리 +7.5%)
    QoQ 패널티(D6): 88종목 (×0.7)
    SG6 활성 (k=2240, ma=2105, 거리 +6.4%)
    QoQ 패널티(D6): 87종목 (×0.7)
    SG6 활성 (k=2267, ma=2105, 거리 +7.7%)
    QoQ 패널티(D6): 92종목 (×0.7)
    SG6 활성 (k=2246, ma=2105, 거리 +6.7%)
    QoQ 패널티(D6): 96종목 (×0.7)
    SG6 활성 (k=2238, ma=2106, 거리 +6.3%)
    QoQ 패널티(D6): 96종목 (×0.7)
    SG6 활성 (k=2233, ma=2107, 거리 +6.0%)
    QoQ 패널티(D6): 93종목 (×0.7)
    SG6 활성 (k=2244, ma=2107, 거리 +6.5%)
    QoQ 패널티(D6): 95종목 (×0.7)
    SG6 활성 (k=2242, ma=2107, 거리 +6.4%)
    QoQ 패널티(D6): 91종목 (×0.7)
[350/893] 20200319: 9종목, 0.4초 (~6분 남음)
    계절성 패널티: 1종목 (ratio>1.4, ×0.3)
    계절성 패널티: 1종목 (ratio>1.4, ×0.3)
    계절성 패널티: 1종목 (ratio>1.4, ×0.3)
    계절성 패널티: 1종목 (ratio>1.4, ×0.3)
    계절성 패널티: 1종목 (ratio>1.4, ×0.3)
    계절성 패널티: 1종목 (ratio>1.4, ×0.3)
    계절성 패널티: 1종목 (ratio>1.4, ×0.3)
    계절성 패널티: 1종목 (ratio>1.4, ×0.3)
    계절성 패널티: 1종목 (ratio>1.4, ×0.3)
    계절성 패널티: 1종목 (ratio>1.4, ×0.3)
    계절성 패널티: 1종목 (ratio>1.4, ×0.3)
    계절성 패널티: 1종목 (ratio>1.4, ×0.3)
    계절성 패널티: 1종목 (ratio>1.4, ×0.3)
    계절성 패널티: 1종목 (ratio>1.4, ×0.3)
    계절성 패널티: 1종목 (ratio>1.4, ×0.3)
    계절성 패널티: 1종목 (ratio>1.4, ×0.3)
    계절성 패널티: 1종목 (ratio>1.4, ×0.3)
    계절성 패널티: 1종목 (ratio>1.4, ×0.3)
    계절성 패널티: 1종목 (ratio>1.4, ×0.3)
    계절성 패널티: 1종목 (ratio>1.4, ×0.3)
    계절성 패널티: 1종목 (ratio>1.4, ×0.3)
    계절성 패널티: 1종목 (ratio>1.4, ×0.3)
    계절성 패널티: 1종목 (ratio>1.4, ×0.3)
    계절성 패널티: 1종목 (ratio>1.4, ×0.3)
    계절성 패널티: 1종목 (ratio>1.4, ×0.3)
[400/893] 20200603: 304종목, 2.0초 (~6분 남음)
    SG6 활성 (k=2182, ma=2033, 거리 +7.3%)
    QoQ 패널티(D6): 177종목 (×0.7)
    SG6 활성 (k=2184, ma=2033, 거리 +7.4%)
    QoQ 패널티(D6): 176종목 (×0.7)
    계절성 패널티: 1종목 (ratio>1.4, ×0.3)
    SG6 활성 (k=2189, ma=2034, 거리 +7.6%)
    QoQ 패널티(D6): 176종목 (×0.7)
    계절성 패널티: 1종목 (ratio>1.4, ×0.3)
    SG6 활성 (k=2196, ma=2034, 거리 +7.9%)
    QoQ 패널티(D6): 179종목 (×0.7)
    계절성 패널티: 1종목 (ratio>1.4, ×0.3)
    SG6 활성 (k=2177, ma=2035, 거리 +7.0%)
    QoQ 패널티(D6): 171종목 (×0.7)
    계절성 패널티: 1종목 (ratio>1.4, ×0.3)
    계절성 패널티: 1종목 (ratio>1.4, ×0.3)
    계절성 패널티: 1종목 (ratio>1.4, ×0.3)
    계절성 패널티: 1종목 (ratio>1.4, ×0.3)
    계절성 패널티: 1종목 (ratio>1.4, ×0.3)
    계절성 패널티: 2종목 (ratio>1.4, ×0.3)
    계절성 패널티: 2종목 (ratio>1.4, ×0.3)
    계절성 패널티: 2종목 (ratio>1.4, ×0.3)
    계절성 패널티: 1종목 (ratio>1.4, ×0.3)
    SG6 활성 (k=2162, ma=2038, 거리 +6.1%)
    QoQ 패널티(D6): 141종목 (×0.7)
    계절성 패널티: 1종목 (ratio>1.4, ×0.3)
    계절성 패널티: 1종목 (ratio>1.4, ×0.3)
    계절성 패널티: 1종목 (ratio>1.4, ×0.3)
    계절성 패널티: 1종목 (ratio>1.4, ×0.3)
    계절성 패널티: 1종목 (ratio>1.4, ×0.3)
    계절성 패널티: 1종목 (ratio>1.4, ×0.3)
    계절성 패널티: 2종목 (ratio>1.4, ×0.3)
    계절성 패널티: 1종목 (ratio>1.4, ×0.3)
    SG6 활성 (k=2188, ma=2045, 거리 +7.0%)
    QoQ 패널티(D6): 145종목 (×0.7)
    계절성 패널티: 2종목 (ratio>1.4, ×0.3)
    계절성 패널티: 1종목 (ratio>1.4, ×0.3)
    계절성 패널티: 1종목 (ratio>1.4, ×0.3)
    계절성 패널티: 1종목 (ratio>1.4, ×0.3)
    계절성 패널티: 2종목 (ratio>1.4, ×0.3)
    SG6 활성 (k=2186, ma=2049, 거리 +6.7%)
    QoQ 패널티(D6): 159종목 (×0.7)
    계절성 패널티: 2종목 (ratio>1.4, ×0.3)
    SG6 활성 (k=2184, ma=2051, 거리 +6.5%)
    QoQ 패널티(D6): 158종목 (×0.7)
    계절성 패널티: 2종목 (ratio>1.4, ×0.3)
    SG6 활성 (k=2202, ma=2052, 거리 +7.3%)
    QoQ 패널티(D6): 166종목 (×0.7)
    계절성 패널티: 2종목 (ratio>1.4, ×0.3)
    SG6 활성 (k=2184, ma=2053, 거리 +6.4%)
    QoQ 패널티(D6): 166종목 (×0.7)
    계절성 패널티: 2종목 (ratio>1.4, ×0.3)
    SG6 활성 (k=2201, ma=2054, 거리 +7.2%)
    QoQ 패널티(D6): 164종목 (×0.7)
    계절성 패널티: 2종목 (ratio>1.4, ×0.3)
    SG6 활성 (k=2198, ma=2055, 거리 +7.0%)
    QoQ 패널티(D6): 161종목 (×0.7)
    계절성 패널티: 2종목 (ratio>1.4, ×0.3)
    SG6 활성 (k=2229, ma=2057, 거리 +8.4%)
    QoQ 패널티(D6): 170종목 (×0.7)
    계절성 패널티: 2종목 (ratio>1.4, ×0.3)
    SG6 활성 (k=2229, ma=2058, 거리 +8.3%)
    QoQ 패널티(D6): 171종목 (×0.7)
    계절성 패널티: 2종목 (ratio>1.4, ×0.3)
    SG6 활성 (k=2216, ma=2059, 거리 +7.6%)
    QoQ 패널티(D6): 168종목 (×0.7)
    계절성 패널티: 2종목 (ratio>1.4, ×0.3)
    SG6 활성 (k=2200, ma=2060, 거리 +6.8%)
    QoQ 패널티(D6): 167종목 (×0.7)
    계절성 패널티: 2종목 (ratio>1.4, ×0.3)
    SG6 활성 (k=2218, ma=2061, 거리 +7.6%)
    QoQ 패널티(D6): 175종목 (×0.7)
    계절성 패널티: 2종목 (ratio>1.4, ×0.3)
    SG6 활성 (k=2257, ma=2062, 거리 +9.4%)
    QoQ 패널티(D6): 184종목 (×0.7)
    계절성 패널티: 2종목 (ratio>1.4, ×0.3)
    SG6 활성 (k=2263, ma=2063, 거리 +9.7%)
    QoQ 패널티(D6): 185종목 (×0.7)
    계절성 패널티: 2종목 (ratio>1.4, ×0.3)
    SG6 활성 (k=2267, ma=2065, 거리 +9.8%)
    QoQ 패널티(D6): 182종목 (×0.7)
    계절성 패널티: 2종목 (ratio>1.4, ×0.3)
    SG6 활성 (k=2249, ma=2066, 거리 +8.9%)
    QoQ 패널티(D6): 187종목 (×0.7)
    계절성 패널티: 2종목 (ratio>1.4, ×0.3)
    SG6 활성 (k=2251, ma=2066, 거리 +8.9%)
    QoQ 패널티(D6): 186종목 (×0.7)
    계절성 패널티: 2종목 (ratio>1.4, ×0.3)
    SG6 활성 (k=2280, ma=2067, 거리 +10.3%)
    QoQ 패널티(D6): 194종목 (×0.7)
    계절성 패널티: 2종목 (ratio>1.4, ×0.3)
    SG6 활성 (k=2312, ma=2069, 거리 +11.8%)
    QoQ 패널티(D6): 194종목 (×0.7)
    계절성 패널티: 2종목 (ratio>1.4, ×0.3)
    SG6 활성 (k=2343, ma=2070, 거리 +13.2%)
    QoQ 패널티(D6): 192종목 (×0.7)
    계절성 패널티: 2종목 (ratio>1.4, ×0.3)
    SG6 활성 (k=2352, ma=2071, 거리 +13.6%)
    QoQ 패널티(D6): 192종목 (×0.7)
    계절성 패널티: 2종목 (ratio>1.4, ×0.3)
    SG6 활성 (k=2386, ma=2072, 거리 +15.2%)
    QoQ 패널티(D6): 194종목 (×0.7)
    계절성 패널티: 2종목 (ratio>1.4, ×0.3)
    SG6 활성 (k=2419, ma=2074, 거리 +16.6%)
    QoQ 패널티(D6): 199종목 (×0.7)
    계절성 패널티: 2종목 (ratio>1.4, ×0.3)
    SG6 활성 (k=2432, ma=2075, 거리 +17.2%)
    QoQ 패널티(D6): 201종목 (×0.7)
[450/893] 20200812: 361종목, 2.6초 (~7분 남음)
    계절성 패널티: 4종목 (ratio>1.4, ×0.3)
    SG6 활성 (k=2438, ma=2077, 거리 +17.4%)
    QoQ 패널티(D6): 204종목 (×0.7)
    계절성 패널티: 3종목 (ratio>1.4, ×0.3)
    SG6 활성 (k=2407, ma=2079, 거리 +15.8%)
    QoQ 패널티(D6): 200종목 (×0.7)
    계절성 패널티: 3종목 (ratio>1.4, ×0.3)
    SG6 활성 (k=2348, ma=2080, 거리 +12.9%)
    QoQ 패널티(D6): 181종목 (×0.7)
    계절성 패널티: 3종목 (ratio>1.4, ×0.3)
    SG6 활성 (k=2361, ma=2081, 거리 +13.4%)
    QoQ 패널티(D6): 185종목 (×0.7)
    계절성 패널티: 2종목 (ratio>1.4, ×0.3)
    SG6 활성 (k=2274, ma=2082, 거리 +9.2%)
    QoQ 패널티(D6): 156종목 (×0.7)
    계절성 패널티: 2종목 (ratio>1.4, ×0.3)
    SG6 활성 (k=2305, ma=2083, 거리 +10.6%)
    QoQ 패널티(D6): 163종목 (×0.7)
    계절성 패널티: 2종목 (ratio>1.4, ×0.3)
    SG6 활성 (k=2330, ma=2085, 거리 +11.8%)
    QoQ 패널티(D6): 170종목 (×0.7)
    계절성 패널티: 3종목 (ratio>1.4, ×0.3)
    SG6 활성 (k=2367, ma=2086, 거리 +13.4%)
    QoQ 패널티(D6): 181종목 (×0.7)
    계절성 패널티: 3종목 (ratio>1.4, ×0.3)
    SG6 활성 (k=2369, ma=2088, 거리 +13.5%)
    QoQ 패널티(D6): 177종목 (×0.7)
    계절성 패널티: 2종목 (ratio>1.4, ×0.3)
    SG6 활성 (k=2344, ma=2089, 거리 +12.2%)
    QoQ 패널티(D6): 170종목 (×0.7)
    계절성 패널티: 3종목 (ratio>1.4, ×0.3)
    SG6 활성 (k=2354, ma=2091, 거리 +12.6%)
    QoQ 패널티(D6): 178종목 (×0.7)
    계절성 패널티: 3종목 (ratio>1.4, ×0.3)
    SG6 활성 (k=2326, ma=2092, 거리 +11.2%)
    QoQ 패널티(D6): 175종목 (×0.7)
    계절성 패널티: 3종목 (ratio>1.4, ×0.3)
    SG6 활성 (k=2350, ma=2093, 거리 +12.2%)
    QoQ 패널티(D6): 181종목 (×0.7)
    계절성 패널티: 3종목 (ratio>1.4, ×0.3)
    SG6 활성 (k=2364, ma=2094, 거리 +12.9%)
    QoQ 패널티(D6): 190종목 (×0.7)
    계절성 패널티: 3종목 (ratio>1.4, ×0.3)
    SG6 활성 (k=2396, ma=2096, 거리 +14.3%)
    QoQ 패널티(D6): 190종목 (×0.7)
    계절성 패널티: 3종목 (ratio>1.4, ×0.3)
    SG6 활성 (k=2368, ma=2097, 거리 +12.9%)
    QoQ 패널티(D6): 186종목 (×0.7)
    계절성 패널티: 3종목 (ratio>1.4, ×0.3)
    SG6 활성 (k=2384, ma=2099, 거리 +13.6%)
    QoQ 패널티(D6): 193종목 (×0.7)
    계절성 패널티: 3종목 (ratio>1.4, ×0.3)
    SG6 활성 (k=2402, ma=2100, 거리 +14.4%)
    QoQ 패널티(D6): 194종목 (×0.7)
    계절성 패널티: 3종목 (ratio>1.4, ×0.3)
    SG6 활성 (k=2376, ma=2101, 거리 +13.1%)
    QoQ 패널티(D6): 189종목 (×0.7)
    계절성 패널티: 3종목 (ratio>1.4, ×0.3)
    SG6 활성 (k=2396, ma=2103, 거리 +14.0%)
    QoQ 패널티(D6): 197종목 (×0.7)
    계절성 패널티: 3종목 (ratio>1.4, ×0.3)
    SG6 활성 (k=2397, ma=2104, 거리 +13.9%)
    QoQ 패널티(D6): 190종목 (×0.7)
    계절성 패널티: 3종목 (ratio>1.4, ×0.3)
    SG6 활성 (k=2428, ma=2106, 거리 +15.3%)
    QoQ 패널티(D6): 198종목 (×0.7)
    계절성 패널티: 3종목 (ratio>1.4, ×0.3)
    SG6 활성 (k=2444, ma=2107, 거리 +16.0%)
    QoQ 패널티(D6): 199종목 (×0.7)
    계절성 패널티: 3종목 (ratio>1.4, ×0.3)
    SG6 활성 (k=2436, ma=2109, 거리 +15.5%)
    QoQ 패널티(D6): 188종목 (×0.7)
    계절성 패널티: 3종목 (ratio>1.4, ×0.3)
    SG6 활성 (k=2406, ma=2110, 거리 +14.0%)
    QoQ 패널티(D6): 183종목 (×0.7)
    계절성 패널티: 3종목 (ratio>1.4, ×0.3)
    SG6 활성 (k=2412, ma=2112, 거리 +14.2%)
    QoQ 패널티(D6): 187종목 (×0.7)
    계절성 패널티: 3종목 (ratio>1.4, ×0.3)
    SG6 활성 (k=2389, ma=2113, 거리 +13.1%)
    QoQ 패널티(D6): 177종목 (×0.7)
    계절성 패널티: 2종목 (ratio>1.4, ×0.3)
    SG6 활성 (k=2333, ma=2114, 거리 +10.3%)
    QoQ 패널티(D6): 156종목 (×0.7)
    계절성 패널티: 2종목 (ratio>1.4, ×0.3)
    SG6 활성 (k=2333, ma=2115, 거리 +10.3%)
    QoQ 패널티(D6): 156종목 (×0.7)
    계절성 패널티: 2종목 (ratio>1.4, ×0.3)
    SG6 활성 (k=2273, ma=2115, 거리 +7.4%)
    QoQ 패널티(D6): 125종목 (×0.7)
    계절성 패널티: 2종목 (ratio>1.4, ×0.3)
    SG6 활성 (k=2279, ma=2116, 거리 +7.7%)
    QoQ 패널티(D6): 128종목 (×0.7)
    계절성 패널티: 2종목 (ratio>1.4, ×0.3)
    SG6 활성 (k=2308, ma=2117, 거리 +9.0%)
    QoQ 패널티(D6): 150종목 (×0.7)
    계절성 패널티: 2종목 (ratio>1.4, ×0.3)
    SG6 활성 (k=2328, ma=2118, 거리 +9.9%)
    QoQ 패널티(D6): 155종목 (×0.7)
    계절성 패널티: 2종목 (ratio>1.4, ×0.3)
    SG6 활성 (k=2358, ma=2119, 거리 +11.3%)
    QoQ 패널티(D6): 168종목 (×0.7)
    계절성 패널티: 2종목 (ratio>1.4, ×0.3)
    SG6 활성 (k=2366, ma=2120, 거리 +11.6%)
    QoQ 패널티(D6): 166종목 (×0.7)
    계절성 패널티: 2종목 (ratio>1.4, ×0.3)
    SG6 활성 (k=2387, ma=2121, 거리 +12.5%)
    QoQ 패널티(D6): 166종목 (×0.7)
    계절성 패널티: 3종목 (ratio>1.4, ×0.3)
    SG6 활성 (k=2392, ma=2122, 거리 +12.7%)
    QoQ 패널티(D6): 161종목 (×0.7)
    계절성 패널티: 2종목 (ratio>1.4, ×0.3)
    SG6 활성 (k=2404, ma=2123, 거리 +13.2%)
    QoQ 패널티(D6): 159종목 (×0.7)
    계절성 패널티: 3종목 (ratio>1.4, ×0.3)
    SG6 활성 (k=2403, ma=2124, 거리 +13.1%)
    QoQ 패널티(D6): 155종목 (×0.7)
    계절성 패널티: 2종목 (ratio>1.4, ×0.3)
    SG6 활성 (k=2380, ma=2126, 거리 +12.0%)
    QoQ 패널티(D6): 150종목 (×0.7)
    계절성 패널티: 2종목 (ratio>1.4, ×0.3)
    SG6 활성 (k=2361, ma=2127, 거리 +11.0%)
    QoQ 패널티(D6): 142종목 (×0.7)
    계절성 패널티: 2종목 (ratio>1.4, ×0.3)
    SG6 활성 (k=2342, ma=2128, 거리 +10.0%)
    QoQ 패널티(D6): 131종목 (×0.7)
    계절성 패널티: 2종목 (ratio>1.4, ×0.3)
    SG6 활성 (k=2347, ma=2129, 거리 +10.2%)
    QoQ 패널티(D6): 136종목 (×0.7)
    계절성 패널티: 2종목 (ratio>1.4, ×0.3)
    SG6 활성 (k=2358, ma=2130, 거리 +10.7%)
    QoQ 패널티(D6): 131종목 (×0.7)
    계절성 패널티: 2종목 (ratio>1.4, ×0.3)
    SG6 활성 (k=2371, ma=2131, 거리 +11.3%)
    QoQ 패널티(D6): 135종목 (×0.7)
    계절성 패널티: 2종목 (ratio>1.4, ×0.3)
    SG6 활성 (k=2355, ma=2132, 거리 +10.5%)
    QoQ 패널티(D6): 130종목 (×0.7)
    계절성 패널티: 1종목 (ratio>1.4, ×0.3)
    SG6 활성 (k=2361, ma=2133, 거리 +10.7%)
    QoQ 패널티(D6): 121종목 (×0.7)
    계절성 패널티: 1종목 (ratio>1.4, ×0.3)
    SG6 활성 (k=2344, ma=2135, 거리 +9.8%)
    QoQ 패널티(D6): 99종목 (×0.7)
    계절성 패널티: 1종목 (ratio>1.4, ×0.3)
    SG6 활성 (k=2331, ma=2136, 거리 +9.1%)
    QoQ 패널티(D6): 91종목 (×0.7)
    계절성 패널티: 2종목 (ratio>1.4, ×0.3)
    SG6 활성 (k=2345, ma=2137, 거리 +9.7%)
    QoQ 패널티(D6): 113종목 (×0.7)
[500/893] 20201028: 210종목, 1.6초 (~7분 남음)
    계절성 패널티: 2종목 (ratio>1.4, ×0.3)
    SG6 활성 (k=2327, ma=2138, 거리 +8.8%)
    QoQ 패널티(D6): 106종목 (×0.7)
    계절성 패널티: 1종목 (ratio>1.4, ×0.3)
    계절성 패널티: 2종목 (ratio>1.4, ×0.3)
    SG6 활성 (k=2300, ma=2140, 거리 +7.5%)
    QoQ 패널티(D6): 99종목 (×0.7)
    계절성 패널티: 2종목 (ratio>1.4, ×0.3)
    SG6 활성 (k=2343, ma=2141, 거리 +9.4%)
    QoQ 패널티(D6): 111종목 (×0.7)
    계절성 패널티: 2종목 (ratio>1.4, ×0.3)
    SG6 활성 (k=2357, ma=2142, 거리 +10.1%)
    QoQ 패널티(D6): 114종목 (×0.7)
    계절성 패널티: 2종목 (ratio>1.4, ×0.3)
    SG6 활성 (k=2414, ma=2143, 거리 +12.6%)
    QoQ 패널티(D6): 122종목 (×0.7)
    계절성 패널티: 2종목 (ratio>1.4, ×0.3)
    SG6 활성 (k=2416, ma=2144, 거리 +12.7%)
    QoQ 패널티(D6): 122종목 (×0.7)
    계절성 패널티: 2종목 (ratio>1.4, ×0.3)
    SG6 활성 (k=2447, ma=2145, 거리 +14.1%)
    QoQ 패널티(D6): 131종목 (×0.7)
    계절성 패널티: 2종목 (ratio>1.4, ×0.3)
    SG6 활성 (k=2453, ma=2147, 거리 +14.3%)
    QoQ 패널티(D6): 125종목 (×0.7)
    계절성 패널티: 2종목 (ratio>1.4, ×0.3)
    SG6 활성 (k=2486, ma=2148, 거리 +15.7%)
    QoQ 패널티(D6): 134종목 (×0.7)
    계절성 패널티: 2종목 (ratio>1.4, ×0.3)
    SG6 활성 (k=2476, ma=2149, 거리 +15.2%)
    QoQ 패널티(D6): 138종목 (×0.7)
    SG6 활성 (k=2494, ma=2150, 거리 +16.0%)
    QoQ 패널티(D6): 142종목 (×0.7)
    SG6 활성 (k=2543, ma=2152, 거리 +18.2%)
    QoQ 패널티(D6): 141종목 (×0.7)
    SG6 활성 (k=2539, ma=2154, 거리 +17.9%)
    QoQ 패널티(D6): 141종목 (×0.7)
    SG6 활성 (k=2546, ma=2155, 거리 +18.1%)
    QoQ 패널티(D6): 148종목 (×0.7)
    SG6 활성 (k=2547, ma=2157, 거리 +18.1%)
    QoQ 패널티(D6): 153종목 (×0.7)
    SG6 활성 (k=2554, ma=2158, 거리 +18.3%)
    QoQ 패널티(D6): 155종목 (×0.7)
    SG6 활성 (k=2603, ma=2160, 거리 +20.5%)
    QoQ 패널티(D6): 158종목 (×0.7)
    SG6 활성 (k=2618, ma=2162, 거리 +21.1%)
    QoQ 패널티(D6): 168종목 (×0.7)
    SG6 활성 (k=2602, ma=2164, 거리 +20.2%)
    QoQ 패널티(D6): 159종목 (×0.7)
    SG6 활성 (k=2626, ma=2167, 거리 +21.2%)
    QoQ 패널티(D6): 165종목 (×0.7)
    SG6 활성 (k=2633, ma=2169, 거리 +21.4%)
    QoQ 패널티(D6): 162종목 (×0.7)
    SG6 활성 (k=2591, ma=2170, 거리 +19.4%)
    QoQ 패널티(D6): 168종목 (×0.7)
    SG6 활성 (k=2634, ma=2172, 거리 +21.3%)
    QoQ 패널티(D6): 175종목 (×0.7)
    SG6 활성 (k=2676, ma=2174, 거리 +23.1%)
    QoQ 패널티(D6): 176종목 (×0.7)
    SG6 활성 (k=2696, ma=2176, 거리 +23.9%)
    QoQ 패널티(D6): 182종목 (×0.7)
    SG6 활성 (k=2731, ma=2178, 거리 +25.4%)
    QoQ 패널티(D6): 176종목 (×0.7)
    SG6 활성 (k=2745, ma=2181, 거리 +25.9%)
    QoQ 패널티(D6): 179종목 (×0.7)
    SG6 활성 (k=2701, ma=2183, 거리 +23.7%)
    QoQ 패널티(D6): 178종목 (×0.7)
    계절성 패널티: 1종목 (ratio>1.4, ×0.3)
    SG6 활성 (k=2755, ma=2185, 거리 +26.1%)
    QoQ 패널티(D6): 188종목 (×0.7)
    SG6 활성 (k=2746, ma=2187, 거리 +25.6%)
    QoQ 패널티(D6): 182종목 (×0.7)
    계절성 패널티: 1종목 (ratio>1.4, ×0.3)
    SG6 활성 (k=2770, ma=2190, 거리 +26.5%)
    QoQ 패널티(D6): 191종목 (×0.7)
    SG6 활성 (k=2762, ma=2192, 거리 +26.0%)
    QoQ 패널티(D6): 190종목 (×0.7)
    SG6 활성 (k=2757, ma=2195, 거리 +25.6%)
    QoQ 패널티(D6): 185종목 (×0.7)
    계절성 패널티: 1종목 (ratio>1.4, ×0.3)
    SG6 활성 (k=2772, ma=2198, 거리 +26.1%)
    QoQ 패널티(D6): 199종목 (×0.7)
    SG6 활성 (k=2770, ma=2201, 거리 +25.9%)
    QoQ 패널티(D6): 194종목 (×0.7)
    SG6 활성 (k=2772, ma=2204, 거리 +25.8%)
    QoQ 패널티(D6): 195종목 (×0.7)
    계절성 패널티: 1종목 (ratio>1.4, ×0.3)
    SG6 활성 (k=2779, ma=2206, 거리 +25.9%)
    QoQ 패널티(D6): 202종목 (×0.7)
    계절성 패널티: 1종목 (ratio>1.4, ×0.3)
    SG6 활성 (k=2734, ma=2209, 거리 +23.7%)
    QoQ 패널티(D6): 177종목 (×0.7)
    SG6 활성 (k=2760, ma=2211, 거리 +24.8%)
    QoQ 패널티(D6): 181종목 (×0.7)
    SG6 활성 (k=2807, ma=2214, 거리 +26.8%)
    QoQ 패널티(D6): 183종목 (×0.7)
    SG6 활성 (k=2809, ma=2217, 거리 +26.7%)
    QoQ 패널티(D6): 190종목 (×0.7)
    계절성 패널티: 1종목 (ratio>1.4, ×0.3)
    SG6 활성 (k=2821, ma=2220, 거리 +27.1%)
    QoQ 패널티(D6): 189종목 (×0.7)
    계절성 패널티: 1종목 (ratio>1.4, ×0.3)
    SG6 활성 (k=2873, ma=2223, 거리 +29.3%)
    QoQ 패널티(D6): 195종목 (×0.7)
    계절성 패널티: 1종목 (ratio>1.4, ×0.3)
    SG6 활성 (k=2944, ma=2226, 거리 +32.3%)
    QoQ 패널티(D6): 192종목 (×0.7)
    계절성 패널티: 1종목 (ratio>1.4, ×0.3)
    SG6 활성 (k=2991, ma=2229, 거리 +34.2%)
    QoQ 패널티(D6): 200종목 (×0.7)
    계절성 패널티: 1종목 (ratio>1.4, ×0.3)
    SG6 활성 (k=2968, ma=2232, 거리 +33.0%)
    QoQ 패널티(D6): 203종목 (×0.7)
    계절성 패널티: 1종목 (ratio>1.4, ×0.3)
    SG6 활성 (k=3032, ma=2236, 거리 +35.6%)
    QoQ 패널티(D6): 217종목 (×0.7)
    계절성 패널티: 1종목 (ratio>1.4, ×0.3)
    SG6 활성 (k=3152, ma=2241, 거리 +40.7%)
    QoQ 패널티(D6): 210종목 (×0.7)
    계절성 패널티: 1종목 (ratio>1.4, ×0.3)
    SG6 활성 (k=3148, ma=2245, 거리 +40.3%)
    QoQ 패널티(D6): 200종목 (×0.7)
[550/893] 20210111: 372종목, 2.5초 (~7분 남음)
    계절성 패널티: 1종목 (ratio>1.4, ×0.3)
    SG6 활성 (k=3126, ma=2249, 거리 +39.0%)
    QoQ 패널티(D6): 203종목 (×0.7)
    계절성 패널티: 1종목 (ratio>1.4, ×0.3)
    SG6 활성 (k=3148, ma=2254, 거리 +39.7%)
    QoQ 패널티(D6): 206종목 (×0.7)
    계절성 패널티: 1종목 (ratio>1.4, ×0.3)
    SG6 활성 (k=3150, ma=2259, 거리 +39.4%)
    QoQ 패널티(D6): 215종목 (×0.7)
    계절성 패널티: 1종목 (ratio>1.4, ×0.3)
    SG6 활성 (k=3086, ma=2263, 거리 +36.3%)
    QoQ 패널티(D6): 205종목 (×0.7)
    계절성 패널티: 1종목 (ratio>1.4, ×0.3)
    SG6 활성 (k=3014, ma=2268, 거리 +32.9%)
    QoQ 패널티(D6): 196종목 (×0.7)
    계절성 패널티: 1종목 (ratio>1.4, ×0.3)
    SG6 활성 (k=3093, ma=2273, 거리 +36.1%)
    QoQ 패널티(D6): 205종목 (×0.7)
    계절성 패널티: 1종목 (ratio>1.4, ×0.3)
    SG6 활성 (k=3115, ma=2278, 거리 +36.7%)
    QoQ 패널티(D6): 216종목 (×0.7)
    계절성 패널티: 1종목 (ratio>1.4, ×0.3)
    SG6 활성 (k=3161, ma=2283, 거리 +38.4%)
    QoQ 패널티(D6): 221종목 (×0.7)
    계절성 패널티: 1종목 (ratio>1.4, ×0.3)
    SG6 활성 (k=3141, ma=2288, 거리 +37.3%)
    QoQ 패널티(D6): 217종목 (×0.7)
    계절성 패널티: 1종목 (ratio>1.4, ×0.3)
    SG6 활성 (k=3209, ma=2293, 거리 +39.9%)
    QoQ 패널티(D6): 225종목 (×0.7)
    계절성 패널티: 1종목 (ratio>1.4, ×0.3)
    SG6 활성 (k=3140, ma=2298, 거리 +36.6%)
    QoQ 패널티(D6): 230종목 (×0.7)
    계절성 패널티: 1종목 (ratio>1.4, ×0.3)
    SG6 활성 (k=3123, ma=2303, 거리 +35.6%)
    QoQ 패널티(D6): 222종목 (×0.7)
    계절성 패널티: 1종목 (ratio>1.4, ×0.3)
    SG6 활성 (k=3069, ma=2308, 거리 +32.9%)
    QoQ 패널티(D6): 206종목 (×0.7)
    계절성 패널티: 1종목 (ratio>1.4, ×0.3)
    SG6 활성 (k=2976, ma=2313, 거리 +28.7%)
    QoQ 패널티(D6): 190종목 (×0.7)
    계절성 패널티: 1종목 (ratio>1.4, ×0.3)
    SG6 활성 (k=3057, ma=2319, 거리 +31.8%)
    QoQ 패널티(D6): 198종목 (×0.7)
    계절성 패널티: 1종목 (ratio>1.4, ×0.3)
    SG6 활성 (k=3097, ma=2325, 거리 +33.2%)
    QoQ 패널티(D6): 202종목 (×0.7)
    계절성 패널티: 1종목 (ratio>1.4, ×0.3)
    SG6 활성 (k=3130, ma=2331, 거리 +34.2%)
    QoQ 패널티(D6): 209종목 (×0.7)
    계절성 패널티: 1종목 (ratio>1.4, ×0.3)
    SG6 활성 (k=3088, ma=2338, 거리 +32.1%)
    QoQ 패널티(D6): 207종목 (×0.7)
    계절성 패널티: 1종목 (ratio>1.4, ×0.3)
    SG6 활성 (k=3121, ma=2345, 거리 +33.1%)
    QoQ 패널티(D6): 206종목 (×0.7)
    계절성 패널티: 1종목 (ratio>1.4, ×0.3)
    SG6 활성 (k=3091, ma=2352, 거리 +31.4%)
    QoQ 패널티(D6): 206종목 (×0.7)
    계절성 패널티: 1종목 (ratio>1.4, ×0.3)
    SG6 활성 (k=3085, ma=2359, 거리 +30.8%)
    QoQ 패널티(D6): 208종목 (×0.7)
    계절성 패널티: 1종목 (ratio>1.4, ×0.3)
    SG6 활성 (k=3101, ma=2366, 거리 +31.0%)
    QoQ 패널티(D6): 209종목 (×0.7)
    계절성 패널티: 1종목 (ratio>1.4, ×0.3)
    SG6 활성 (k=3147, ma=2373, 거리 +32.6%)
    QoQ 패널티(D6): 212종목 (×0.7)
    계절성 패널티: 1종목 (ratio>1.4, ×0.3)
    SG6 활성 (k=3163, ma=2380, 거리 +32.9%)
    QoQ 패널티(D6): 223종목 (×0.7)
    계절성 패널티: 1종목 (ratio>1.4, ×0.3)
    SG6 활성 (k=3134, ma=2387, 거리 +31.3%)
    QoQ 패널티(D6): 230종목 (×0.7)
    계절성 패널티: 1종목 (ratio>1.4, ×0.3)
    SG6 활성 (k=3087, ma=2393, 거리 +29.0%)
    QoQ 패널티(D6): 217종목 (×0.7)
    계절성 패널티: 1종목 (ratio>1.4, ×0.3)
    SG6 활성 (k=3108, ma=2399, 거리 +29.5%)
    QoQ 패널티(D6): 214종목 (×0.7)
    계절성 패널티: 1종목 (ratio>1.4, ×0.3)
    SG6 활성 (k=3080, ma=2405, 거리 +28.0%)
    QoQ 패널티(D6): 217종목 (×0.7)
    계절성 패널티: 1종목 (ratio>1.4, ×0.3)
    SG6 활성 (k=3070, ma=2411, 거리 +27.3%)
    QoQ 패널티(D6): 202종목 (×0.7)
    계절성 패널티: 1종목 (ratio>1.4, ×0.3)
    SG6 활성 (k=2995, ma=2417, 거리 +23.9%)
    QoQ 패널티(D6): 168종목 (×0.7)
    계절성 패널티: 1종목 (ratio>1.4, ×0.3)
    SG6 활성 (k=3100, ma=2423, 거리 +27.9%)
    QoQ 패널티(D6): 192종목 (×0.7)
    계절성 패널티: 1종목 (ratio>1.4, ×0.3)
    SG6 활성 (k=3013, ma=2429, 거리 +24.0%)
    QoQ 패널티(D6): 170종목 (×0.7)
    SG6 활성 (k=3044, ma=2435, 거리 +25.0%)
    QoQ 패널티(D6): 171종목 (×0.7)
    SG6 활성 (k=3083, ma=2440, 거리 +26.3%)
    QoQ 패널티(D6): 173종목 (×0.7)
    SG6 활성 (k=3043, ma=2446, 거리 +24.4%)
    QoQ 패널티(D6): 165종목 (×0.7)
    SG6 활성 (k=3026, ma=2451, 거리 +23.5%)
    QoQ 패널티(D6): 162종목 (×0.7)
    SG6 활성 (k=2996, ma=2456, 거리 +22.0%)
    QoQ 패널티(D6): 156종목 (×0.7)
    SG6 활성 (k=2976, ma=2462, 거리 +20.9%)
    QoQ 패널티(D6): 158종목 (×0.7)
    SG6 활성 (k=2958, ma=2467, 거리 +19.9%)
    QoQ 패널티(D6): 155종목 (×0.7)
    SG6 활성 (k=3014, ma=2472, 거리 +21.9%)
    QoQ 패널티(D6): 158종목 (×0.7)
    SG6 활성 (k=3054, ma=2477, 거리 +23.3%)
    QoQ 패널티(D6): 167종목 (×0.7)
    SG6 활성 (k=3046, ma=2482, 거리 +22.7%)
    QoQ 패널티(D6): 173종목 (×0.7)
    계절성 패널티: 1종목 (ratio>1.4, ×0.3)
    SG6 활성 (k=3067, ma=2487, 거리 +23.3%)
    QoQ 패널티(D6): 188종목 (×0.7)
    계절성 패널티: 1종목 (ratio>1.4, ×0.3)
    SG6 활성 (k=3048, ma=2493, 거리 +22.3%)
    QoQ 패널티(D6): 196종목 (×0.7)
    계절성 패널티: 1종목 (ratio>1.4, ×0.3)
    SG6 활성 (k=3066, ma=2498, 거리 +22.7%)
    QoQ 패널티(D6): 203종목 (×0.7)
    계절성 패널티: 1종목 (ratio>1.4, ×0.3)
    SG6 활성 (k=3040, ma=2503, 거리 +21.4%)
    QoQ 패널티(D6): 201종목 (×0.7)
    계절성 패널티: 1종목 (ratio>1.4, ×0.3)
    SG6 활성 (k=3035, ma=2508, 거리 +21.0%)
    QoQ 패널티(D6): 203종목 (×0.7)
    계절성 패널티: 1종목 (ratio>1.4, ×0.3)
    SG6 활성 (k=3005, ma=2513, 거리 +19.6%)
    QoQ 패널티(D6): 203종목 (×0.7)
    계절성 패널티: 1종목 (ratio>1.4, ×0.3)
    SG6 활성 (k=2996, ma=2518, 거리 +19.0%)
    QoQ 패널티(D6): 204종목 (×0.7)
    계절성 패널티: 1종목 (ratio>1.4, ×0.3)
    SG6 활성 (k=3008, ma=2523, 거리 +19.3%)
    QoQ 패널티(D6): 202종목 (×0.7)
[600/893] 20210325: 318종목, 2.1초 (~6분 남음)
    계절성 패널티: 1종목 (ratio>1.4, ×0.3)
    SG6 활성 (k=3041, ma=2528, 거리 +20.3%)
    QoQ 패널티(D6): 207종목 (×0.7)
    계절성 패널티: 1종목 (ratio>1.4, ×0.3)
    SG6 활성 (k=3036, ma=2533, 거리 +19.9%)
    QoQ 패널티(D6): 204종목 (×0.7)
    계절성 패널티: 2종목 (ratio>1.4, ×0.3)
    SG6 활성 (k=3070, ma=2538, 거리 +21.0%)
    QoQ 패널티(D6): 213종목 (×0.7)
    계절성 패널티: 1종목 (ratio>1.4, ×0.3)
    SG6 활성 (k=3061, ma=2543, 거리 +20.4%)
    QoQ 패널티(D6): 214종목 (×0.7)
    계절성 패널티: 1종목 (ratio>1.4, ×0.3)
    SG6 활성 (k=3087, ma=2548, 거리 +21.2%)
    QoQ 패널티(D6): 215종목 (×0.7)
    계절성 패널티: 2종목 (ratio>1.4, ×0.3)
    SG6 활성 (k=3113, ma=2554, 거리 +21.9%)
    QoQ 패널티(D6): 216종목 (×0.7)
    계절성 패널티: 2종목 (ratio>1.4, ×0.3)
    SG6 활성 (k=3121, ma=2559, 거리 +22.0%)
    QoQ 패널티(D6): 215종목 (×0.7)
    계절성 패널티: 2종목 (ratio>1.4, ×0.3)
    SG6 활성 (k=3127, ma=2565, 거리 +21.9%)
    QoQ 패널티(D6): 218종목 (×0.7)
    계절성 패널티: 2종목 (ratio>1.4, ×0.3)
    SG6 활성 (k=3137, ma=2570, 거리 +22.1%)
    QoQ 패널티(D6): 220종목 (×0.7)
    계절성 패널티: 2종목 (ratio>1.4, ×0.3)
    SG6 활성 (k=3143, ma=2575, 거리 +22.1%)
    QoQ 패널티(D6): 225종목 (×0.7)
    계절성 패널티: 2종목 (ratio>1.4, ×0.3)
    SG6 활성 (k=3132, ma=2580, 거리 +21.4%)
    QoQ 패널티(D6): 237종목 (×0.7)
    계절성 패널티: 3종목 (ratio>1.4, ×0.3)
    SG6 활성 (k=3136, ma=2585, 거리 +21.3%)
    QoQ 패널티(D6): 238종목 (×0.7)
    계절성 패널티: 3종목 (ratio>1.4, ×0.3)
    SG6 활성 (k=3169, ma=2591, 거리 +22.3%)
    QoQ 패널티(D6): 251종목 (×0.7)
    계절성 패널티: 3종목 (ratio>1.4, ×0.3)
    SG6 활성 (k=3182, ma=2596, 거리 +22.6%)
    QoQ 패널티(D6): 255종목 (×0.7)
    계절성 패널티: 3종목 (ratio>1.4, ×0.3)
    SG6 활성 (k=3194, ma=2601, 거리 +22.8%)
    QoQ 패널티(D6): 248종목 (×0.7)
    계절성 패널티: 3종목 (ratio>1.4, ×0.3)
    SG6 활성 (k=3199, ma=2607, 거리 +22.7%)
    QoQ 패널티(D6): 258종목 (×0.7)
    계절성 패널티: 3종목 (ratio>1.4, ×0.3)
    SG6 활성 (k=3199, ma=2612, 거리 +22.5%)
    QoQ 패널티(D6): 262종목 (×0.7)
    계절성 패널티: 3종목 (ratio>1.4, ×0.3)
    SG6 활성 (k=3221, ma=2617, 거리 +23.1%)
    QoQ 패널티(D6): 267종목 (×0.7)
    계절성 패널티: 3종목 (ratio>1.4, ×0.3)
    SG6 활성 (k=3172, ma=2622, 거리 +21.0%)
    QoQ 패널티(D6): 262종목 (×0.7)
    계절성 패널티: 3종목 (ratio>1.4, ×0.3)
    SG6 활성 (k=3178, ma=2627, 거리 +21.0%)
    QoQ 패널티(D6): 270종목 (×0.7)
    계절성 패널티: 3종목 (ratio>1.4, ×0.3)
    SG6 활성 (k=3181, ma=2632, 거리 +20.9%)
    QoQ 패널티(D6): 273종목 (×0.7)
    계절성 패널티: 3종목 (ratio>1.4, ×0.3)
    SG6 활성 (k=3218, ma=2636, 거리 +22.1%)
    QoQ 패널티(D6): 279종목 (×0.7)
    계절성 패널티: 3종목 (ratio>1.4, ×0.3)
    SG6 활성 (k=3215, ma=2641, 거리 +21.8%)
    QoQ 패널티(D6): 271종목 (×0.7)
    계절성 패널티: 3종목 (ratio>1.4, ×0.3)
    SG6 활성 (k=3181, ma=2645, 거리 +20.3%)
    QoQ 패널티(D6): 265종목 (×0.7)
    계절성 패널티: 3종목 (ratio>1.4, ×0.3)
    SG6 활성 (k=3174, ma=2650, 거리 +19.8%)
    QoQ 패널티(D6): 263종목 (×0.7)
    계절성 패널티: 3종목 (ratio>1.4, ×0.3)
    SG6 활성 (k=3148, ma=2654, 거리 +18.6%)
    QoQ 패널티(D6): 254종목 (×0.7)
    계절성 패널티: 3종목 (ratio>1.4, ×0.3)
    SG6 활성 (k=3127, ma=2659, 거리 +17.6%)
    QoQ 패널티(D6): 245종목 (×0.7)
    계절성 패널티: 3종목 (ratio>1.4, ×0.3)
    SG6 활성 (k=3147, ma=2664, 거리 +18.2%)
    QoQ 패널티(D6): 247종목 (×0.7)
    계절성 패널티: 3종목 (ratio>1.4, ×0.3)
    SG6 활성 (k=3160, ma=2669, 거리 +18.4%)
    QoQ 패널티(D6): 253종목 (×0.7)
    계절성 패널티: 3종목 (ratio>1.4, ×0.3)
    SG6 활성 (k=3197, ma=2673, 거리 +19.6%)
    QoQ 패널티(D6): 262종목 (×0.7)
    계절성 패널티: 3종목 (ratio>1.4, ×0.3)
    SG6 활성 (k=3249, ma=2678, 거리 +21.3%)
    QoQ 패널티(D6): 266종목 (×0.7)
    계절성 패널티: 3종목 (ratio>1.4, ×0.3)
    SG6 활성 (k=3209, ma=2683, 거리 +19.6%)
    QoQ 패널티(D6): 259종목 (×0.7)
    계절성 패널티: 3종목 (ratio>1.4, ×0.3)
    SG6 활성 (k=3162, ma=2688, 거리 +17.6%)
    QoQ 패널티(D6): 249종목 (×0.7)
    계절성 패널티: 3종목 (ratio>1.4, ×0.3)
    SG6 활성 (k=3122, ma=2692, 거리 +16.0%)
    QoQ 패널티(D6): 232종목 (×0.7)
    계절성 패널티: 3종목 (ratio>1.4, ×0.3)
    SG6 활성 (k=3153, ma=2697, 거리 +16.9%)
    QoQ 패널티(D6): 222종목 (×0.7)
    계절성 패널티: 3종목 (ratio>1.4, ×0.3)
    SG6 활성 (k=3135, ma=2702, 거리 +16.0%)
    QoQ 패널티(D6): 182종목 (×0.7)
    계절성 패널티: 3종목 (ratio>1.4, ×0.3)
    SG6 활성 (k=3173, ma=2706, 거리 +17.2%)
    QoQ 패널티(D6): 187종목 (×0.7)
    계절성 패널티: 3종목 (ratio>1.4, ×0.3)
    SG6 활성 (k=3162, ma=2711, 거리 +16.6%)
    QoQ 패널티(D6): 190종목 (×0.7)
    계절성 패널티: 2종목 (ratio>1.4, ×0.3)
    SG6 활성 (k=3156, ma=2716, 거리 +16.2%)
    QoQ 패널티(D6): 182종목 (×0.7)
    계절성 패널티: 3종목 (ratio>1.4, ×0.3)
    SG6 활성 (k=3144, ma=2721, 거리 +15.6%)
    QoQ 패널티(D6): 169종목 (×0.7)
    계절성 패널티: 3종목 (ratio>1.4, ×0.3)
    SG6 활성 (k=3171, ma=2725, 거리 +16.4%)
    QoQ 패널티(D6): 170종목 (×0.7)
    계절성 패널티: 2종목 (ratio>1.4, ×0.3)
    SG6 활성 (k=3168, ma=2730, 거리 +16.1%)
    QoQ 패널티(D6): 172종목 (×0.7)
    계절성 패널티: 3종목 (ratio>1.4, ×0.3)
    SG6 활성 (k=3166, ma=2734, 거리 +15.8%)
    QoQ 패널티(D6): 172종목 (×0.7)
    계절성 패널티: 2종목 (ratio>1.4, ×0.3)
    SG6 활성 (k=3189, ma=2739, 거리 +16.4%)
    QoQ 패널티(D6): 173종목 (×0.7)
    계절성 패널티: 2종목 (ratio>1.4, ×0.3)
    SG6 활성 (k=3204, ma=2744, 거리 +16.8%)
    QoQ 패널티(D6): 171종목 (×0.7)
    계절성 패널티: 2종목 (ratio>1.4, ×0.3)
    SG6 활성 (k=3222, ma=2749, 거리 +17.2%)
    QoQ 패널티(D6): 176종목 (×0.7)
    계절성 패널티: 2종목 (ratio>1.4, ×0.3)
    SG6 활성 (k=3224, ma=2754, 거리 +17.1%)
    QoQ 패널티(D6): 180종목 (×0.7)
    계절성 패널티: 2종목 (ratio>1.4, ×0.3)
    SG6 활성 (k=3247, ma=2758, 거리 +17.7%)
    QoQ 패널티(D6): 182종목 (×0.7)
    계절성 패널티: 2종목 (ratio>1.4, ×0.3)
    SG6 활성 (k=3240, ma=2763, 거리 +17.3%)
    QoQ 패널티(D6): 186종목 (×0.7)
    계절성 패널티: 2종목 (ratio>1.4, ×0.3)
    SG6 활성 (k=3252, ma=2768, 거리 +17.5%)
    QoQ 패널티(D6): 183종목 (×0.7)
[650/893] 20210607: 383종목, 3.3초 (~6분 남음)
    계절성 패널티: 2종목 (ratio>1.4, ×0.3)
    SG6 활성 (k=3248, ma=2773, 거리 +17.1%)
    QoQ 패널티(D6): 184종목 (×0.7)
    계절성 패널티: 2종목 (ratio>1.4, ×0.3)
    SG6 활성 (k=3216, ma=2777, 거리 +15.8%)
    QoQ 패널티(D6): 172종목 (×0.7)
    계절성 패널티: 2종목 (ratio>1.4, ×0.3)
    SG6 활성 (k=3225, ma=2782, 거리 +15.9%)
    QoQ 패널티(D6): 170종목 (×0.7)
    계절성 패널티: 2종목 (ratio>1.4, ×0.3)
    SG6 활성 (k=3249, ma=2787, 거리 +16.6%)
    QoQ 패널티(D6): 170종목 (×0.7)
    계절성 패널티: 2종목 (ratio>1.4, ×0.3)
    SG6 활성 (k=3252, ma=2791, 거리 +16.5%)
    QoQ 패널티(D6): 173종목 (×0.7)
    계절성 패널티: 2종목 (ratio>1.4, ×0.3)
    SG6 활성 (k=3259, ma=2796, 거리 +16.5%)
    QoQ 패널티(D6): 175종목 (×0.7)
    계절성 패널티: 2종목 (ratio>1.4, ×0.3)
    SG6 활성 (k=3279, ma=2801, 거리 +17.1%)
    QoQ 패널티(D6): 179종목 (×0.7)
    계절성 패널티: 2종목 (ratio>1.4, ×0.3)
    SG6 활성 (k=3265, ma=2806, 거리 +16.4%)
    QoQ 패널티(D6): 180종목 (×0.7)
    계절성 패널티: 2종목 (ratio>1.4, ×0.3)
    SG6 활성 (k=3268, ma=2810, 거리 +16.3%)
    QoQ 패널티(D6): 183종목 (×0.7)
    계절성 패널티: 2종목 (ratio>1.4, ×0.3)
    SG6 활성 (k=3241, ma=2815, 거리 +15.1%)
    QoQ 패널티(D6): 176종목 (×0.7)
    계절성 패널티: 2종목 (ratio>1.4, ×0.3)
    SG6 활성 (k=3264, ma=2819, 거리 +15.8%)
    QoQ 패널티(D6): 180종목 (×0.7)
    계절성 패널티: 2종목 (ratio>1.4, ×0.3)
    SG6 활성 (k=3276, ma=2824, 거리 +16.0%)
    QoQ 패널티(D6): 177종목 (×0.7)
    계절성 패널티: 2종목 (ratio>1.4, ×0.3)
    SG6 활성 (k=3286, ma=2829, 거리 +16.2%)
    QoQ 패널티(D6): 176종목 (×0.7)
    계절성 패널티: 2종목 (ratio>1.4, ×0.3)
    SG6 활성 (k=3303, ma=2833, 거리 +16.6%)
    QoQ 패널티(D6): 181종목 (×0.7)
    계절성 패널티: 2종목 (ratio>1.4, ×0.3)
    SG6 활성 (k=3302, ma=2838, 거리 +16.4%)
    QoQ 패널티(D6): 187종목 (×0.7)
    계절성 패널티: 2종목 (ratio>1.4, ×0.3)
    SG6 활성 (k=3287, ma=2842, 거리 +15.6%)
    QoQ 패널티(D6): 186종목 (×0.7)
    계절성 패널티: 2종목 (ratio>1.4, ×0.3)
    SG6 활성 (k=3297, ma=2846, 거리 +15.8%)
    QoQ 패널티(D6): 184종목 (×0.7)
    계절성 패널티: 2종목 (ratio>1.4, ×0.3)
    SG6 활성 (k=3282, ma=2850, 거리 +15.1%)
    QoQ 패널티(D6): 185종목 (×0.7)
    계절성 패널티: 2종목 (ratio>1.4, ×0.3)
    SG6 활성 (k=3282, ma=2854, 거리 +15.0%)
    QoQ 패널티(D6): 185종목 (×0.7)
    계절성 패널티: 2종목 (ratio>1.4, ×0.3)
    SG6 활성 (k=3293, ma=2858, 거리 +15.2%)
    QoQ 패널티(D6): 187종목 (×0.7)
    계절성 패널티: 2종목 (ratio>1.4, ×0.3)
    SG6 활성 (k=3305, ma=2862, 거리 +15.5%)
    QoQ 패널티(D6): 186종목 (×0.7)
    계절성 패널티: 2종목 (ratio>1.4, ×0.3)
    SG6 활성 (k=3285, ma=2866, 거리 +14.6%)
    QoQ 패널티(D6): 179종목 (×0.7)
    계절성 패널티: 2종목 (ratio>1.4, ×0.3)
    SG6 활성 (k=3253, ma=2870, 거리 +13.3%)
    QoQ 패널티(D6): 165종목 (×0.7)
    계절성 패널티: 2종목 (ratio>1.4, ×0.3)
    SG6 활성 (k=3218, ma=2874, 거리 +12.0%)
    QoQ 패널티(D6): 154종목 (×0.7)
    계절성 패널티: 2종목 (ratio>1.4, ×0.3)
    SG6 활성 (k=3246, ma=2879, 거리 +12.8%)
    QoQ 패널티(D6): 166종목 (×0.7)
    계절성 패널티: 1종목 (ratio>1.4, ×0.3)
    SG6 활성 (k=3271, ma=2883, 거리 +13.5%)
    QoQ 패널티(D6): 174종목 (×0.7)
    계절성 패널티: 1종목 (ratio>1.4, ×0.3)
    SG6 활성 (k=3265, ma=2887, 거리 +13.1%)
    QoQ 패널티(D6): 177종목 (×0.7)
    계절성 패널티: 1종목 (ratio>1.4, ×0.3)
    SG6 활성 (k=3286, ma=2891, 거리 +13.7%)
    QoQ 패널티(D6): 181종목 (×0.7)
    계절성 패널티: 1종목 (ratio>1.4, ×0.3)
    SG6 활성 (k=3277, ma=2896, 거리 +13.2%)
    QoQ 패널티(D6): 180종목 (×0.7)
    계절성 패널티: 1종목 (ratio>1.4, ×0.3)
    SG6 활성 (k=3244, ma=2900, 거리 +11.9%)
    QoQ 패널티(D6): 177종목 (×0.7)
    계절성 패널티: 1종목 (ratio>1.4, ×0.3)
    SG6 활성 (k=3233, ma=2904, 거리 +11.3%)
    QoQ 패널티(D6): 169종목 (×0.7)
    계절성 패널티: 1종목 (ratio>1.4, ×0.3)
    SG6 활성 (k=3216, ma=2908, 거리 +10.6%)
    QoQ 패널티(D6): 166종목 (×0.7)
    계절성 패널티: 1종목 (ratio>1.4, ×0.3)
    SG6 활성 (k=3250, ma=2912, 거리 +11.6%)
    QoQ 패널티(D6): 171종목 (×0.7)
    계절성 패널티: 1종목 (ratio>1.4, ×0.3)
    SG6 활성 (k=3254, ma=2916, 거리 +11.6%)
    QoQ 패널티(D6): 175종목 (×0.7)
    계절성 패널티: 1종목 (ratio>1.4, ×0.3)
    SG6 활성 (k=3225, ma=2920, 거리 +10.5%)
    QoQ 패널티(D6): 164종목 (×0.7)
    계절성 패널티: 1종목 (ratio>1.4, ×0.3)
    SG6 활성 (k=3233, ma=2924, 거리 +10.6%)
    QoQ 패널티(D6): 168종목 (×0.7)
    계절성 패널티: 1종목 (ratio>1.4, ×0.3)
    SG6 활성 (k=3237, ma=2927, 거리 +10.6%)
    QoQ 패널티(D6): 159종목 (×0.7)
    계절성 패널티: 1종목 (ratio>1.4, ×0.3)
    SG6 활성 (k=3243, ma=2931, 거리 +10.6%)
    QoQ 패널티(D6): 160종목 (×0.7)
    계절성 패널티: 1종목 (ratio>1.4, ×0.3)
    SG6 활성 (k=3202, ma=2935, 거리 +9.1%)
    QoQ 패널티(D6): 144종목 (×0.7)
    계절성 패널티: 1종목 (ratio>1.4, ×0.3)
    SG6 활성 (k=3223, ma=2939, 거리 +9.7%)
    QoQ 패널티(D6): 149종목 (×0.7)
    계절성 패널티: 1종목 (ratio>1.4, ×0.3)
    SG6 활성 (k=3237, ma=2943, 거리 +10.0%)
    QoQ 패널티(D6): 145종목 (×0.7)
    계절성 패널티: 1종목 (ratio>1.4, ×0.3)
    SG6 활성 (k=3280, ma=2946, 거리 +11.3%)
    QoQ 패널티(D6): 154종목 (×0.7)
    계절성 패널티: 1종목 (ratio>1.4, ×0.3)
    SG6 활성 (k=3276, ma=2950, 거리 +11.0%)
    QoQ 패널티(D6): 157종목 (×0.7)
    계절성 패널티: 1종목 (ratio>1.4, ×0.3)
    SG6 활성 (k=3270, ma=2954, 거리 +10.7%)
    QoQ 패널티(D6): 153종목 (×0.7)
    계절성 패널티: 1종목 (ratio>1.4, ×0.3)
    SG6 활성 (k=3260, ma=2958, 거리 +10.2%)
    QoQ 패널티(D6): 149종목 (×0.7)
    계절성 패널티: 1종목 (ratio>1.4, ×0.3)
    SG6 활성 (k=3243, ma=2962, 거리 +9.5%)
    QoQ 패널티(D6): 142종목 (×0.7)
    계절성 패널티: 1종목 (ratio>1.4, ×0.3)
    SG6 활성 (k=3221, ma=2966, 거리 +8.6%)
    QoQ 패널티(D6): 133종목 (×0.7)
    계절성 패널티: 1종목 (ratio>1.4, ×0.3)
    SG6 활성 (k=3208, ma=2969, 거리 +8.0%)
    QoQ 패널티(D6): 136종목 (×0.7)
    계절성 패널티: 1종목 (ratio>1.4, ×0.3)
    SG6 활성 (k=3171, ma=2973, 거리 +6.7%)
    QoQ 패널티(D6): 118종목 (×0.7)
    계절성 패널티: 2종목 (ratio>1.4, ×0.3)
[700/893] 20210817: 199종목, 1.5초 (~5분 남음)
    계절성 패널티: 3종목 (ratio>1.4, ×0.3)
    계절성 패널티: 3종목 (ratio>1.4, ×0.3)
    계절성 패널티: 2종목 (ratio>1.4, ×0.3)
    계절성 패널티: 2종목 (ratio>1.4, ×0.3)
    계절성 패널티: 2종목 (ratio>1.4, ×0.3)
    계절성 패널티: 2종목 (ratio>1.4, ×0.3)
    계절성 패널티: 2종목 (ratio>1.4, ×0.3)
    계절성 패널티: 2종목 (ratio>1.4, ×0.3)
    계절성 패널티: 2종목 (ratio>1.4, ×0.3)
    계절성 패널티: 2종목 (ratio>1.4, ×0.3)
    SG6 활성 (k=3199, ma=3012, 거리 +6.2%)
    QoQ 패널티(D6): 103종목 (×0.7)
    계절성 패널티: 2종목 (ratio>1.4, ×0.3)
    SG6 활성 (k=3207, ma=3016, 거리 +6.3%)
    QoQ 패널티(D6): 102종목 (×0.7)
    계절성 패널티: 2종목 (ratio>1.4, ×0.3)
    계절성 패널티: 3종목 (ratio>1.4, ×0.3)
    계절성 패널티: 3종목 (ratio>1.4, ×0.3)
    계절성 패널티: 3종목 (ratio>1.4, ×0.3)
    계절성 패널티: 2종목 (ratio>1.4, ×0.3)
    계절성 패널티: 2종목 (ratio>1.4, ×0.3)
    계절성 패널티: 2종목 (ratio>1.4, ×0.3)
    계절성 패널티: 3종목 (ratio>1.4, ×0.3)
    계절성 패널티: 3종목 (ratio>1.4, ×0.3)
    계절성 패널티: 3종목 (ratio>1.4, ×0.3)
    계절성 패널티: 3종목 (ratio>1.4, ×0.3)
    계절성 패널티: 3종목 (ratio>1.4, ×0.3)
    계절성 패널티: 2종목 (ratio>1.4, ×0.3)
    계절성 패널티: 2종목 (ratio>1.4, ×0.3)
    계절성 패널티: 2종목 (ratio>1.4, ×0.3)
    계절성 패널티: 1종목 (ratio>1.4, ×0.3)
    계절성 패널티: 1종목 (ratio>1.4, ×0.3)
    계절성 패널티: 1종목 (ratio>1.4, ×0.3)
    계절성 패널티: 1종목 (ratio>1.4, ×0.3)
    계절성 패널티: 1종목 (ratio>1.4, ×0.3)
    계절성 패널티: 1종목 (ratio>1.4, ×0.3)
    계절성 패널티: 1종목 (ratio>1.4, ×0.3)
    계절성 패널티: 1종목 (ratio>1.4, ×0.3)
    계절성 패널티: 1종목 (ratio>1.4, ×0.3)
    계절성 패널티: 1종목 (ratio>1.4, ×0.3)
    계절성 패널티: 1종목 (ratio>1.4, ×0.3)
    계절성 패널티: 1종목 (ratio>1.4, ×0.3)
    계절성 패널티: 2종목 (ratio>1.4, ×0.3)
    계절성 패널티: 2종목 (ratio>1.4, ×0.3)
    계절성 패널티: 2종목 (ratio>1.4, ×0.3)
    계절성 패널티: 2종목 (ratio>1.4, ×0.3)
    계절성 패널티: 2종목 (ratio>1.4, ×0.3)
    계절성 패널티: 2종목 (ratio>1.4, ×0.3)
    계절성 패널티: 3종목 (ratio>1.4, ×0.3)
    계절성 패널티: 2종목 (ratio>1.4, ×0.3)
    계절성 패널티: 3종목 (ratio>1.4, ×0.3)
    계절성 패널티: 3종목 (ratio>1.4, ×0.3)
    계절성 패널티: 2종목 (ratio>1.4, ×0.3)
    계절성 패널티: 3종목 (ratio>1.4, ×0.3)
[750/893] 20211102: 153종목, 1.3초 (~3분 남음)
    계절성 패널티: 3종목 (ratio>1.4, ×0.3)
    계절성 패널티: 3종목 (ratio>1.4, ×0.3)
    계절성 패널티: 3종목 (ratio>1.4, ×0.3)
    계절성 패널티: 3종목 (ratio>1.4, ×0.3)
    계절성 패널티: 3종목 (ratio>1.4, ×0.3)
    계절성 패널티: 3종목 (ratio>1.4, ×0.3)
    계절성 패널티: 3종목 (ratio>1.4, ×0.3)
    계절성 패널티: 2종목 (ratio>1.4, ×0.3)
    계절성 패널티: 1종목 (ratio>1.4, ×0.3)
    계절성 패널티: 1종목 (ratio>1.4, ×0.3)
    계절성 패널티: 1종목 (ratio>1.4, ×0.3)
    계절성 패널티: 1종목 (ratio>1.4, ×0.3)
    계절성 패널티: 1종목 (ratio>1.4, ×0.3)
    계절성 패널티: 1종목 (ratio>1.4, ×0.3)
    계절성 패널티: 1종목 (ratio>1.4, ×0.3)
    계절성 패널티: 1종목 (ratio>1.4, ×0.3)
    계절성 패널티: 1종목 (ratio>1.4, ×0.3)
    계절성 패널티: 1종목 (ratio>1.4, ×0.3)
    계절성 패널티: 1종목 (ratio>1.4, ×0.3)
    계절성 패널티: 1종목 (ratio>1.4, ×0.3)
    계절성 패널티: 1종목 (ratio>1.4, ×0.3)
    계절성 패널티: 1종목 (ratio>1.4, ×0.3)
    계절성 패널티: 1종목 (ratio>1.4, ×0.3)
    계절성 패널티: 1종목 (ratio>1.4, ×0.3)
    계절성 패널티: 1종목 (ratio>1.4, ×0.3)
    계절성 패널티: 1종목 (ratio>1.4, ×0.3)
    계절성 패널티: 1종목 (ratio>1.4, ×0.3)
    계절성 패널티: 2종목 (ratio>1.4, ×0.3)
    계절성 패널티: 2종목 (ratio>1.4, ×0.3)
    계절성 패널티: 2종목 (ratio>1.4, ×0.3)
    계절성 패널티: 2종목 (ratio>1.4, ×0.3)
    계절성 패널티: 2종목 (ratio>1.4, ×0.3)
[800/893] 20220112: 172종목, 1.7초 (~2분 남음)
    계절성 패널티: 2종목 (ratio>1.4, ×0.3)
    계절성 패널티: 2종목 (ratio>1.4, ×0.3)
    계절성 패널티: 2종목 (ratio>1.4, ×0.3)
    계절성 패널티: 1종목 (ratio>1.4, ×0.3)
    계절성 패널티: 1종목 (ratio>1.4, ×0.3)
    계절성 패널티: 1종목 (ratio>1.4, ×0.3)
    계절성 패널티: 1종목 (ratio>1.4, ×0.3)
    계절성 패널티: 1종목 (ratio>1.4, ×0.3)
    계절성 패널티: 1종목 (ratio>1.4, ×0.3)
    계절성 패널티: 1종목 (ratio>1.4, ×0.3)
    계절성 패널티: 1종목 (ratio>1.4, ×0.3)
    계절성 패널티: 1종목 (ratio>1.4, ×0.3)
    계절성 패널티: 1종목 (ratio>1.4, ×0.3)
    계절성 패널티: 1종목 (ratio>1.4, ×0.3)
    계절성 패널티: 1종목 (ratio>1.4, ×0.3)
    계절성 패널티: 1종목 (ratio>1.4, ×0.3)
    계절성 패널티: 1종목 (ratio>1.4, ×0.3)
    계절성 패널티: 1종목 (ratio>1.4, ×0.3)
    계절성 패널티: 1종목 (ratio>1.4, ×0.3)
    계절성 패널티: 1종목 (ratio>1.4, ×0.3)
    계절성 패널티: 1종목 (ratio>1.4, ×0.3)
    계절성 패널티: 1종목 (ratio>1.4, ×0.3)
    계절성 패널티: 1종목 (ratio>1.4, ×0.3)
    계절성 패널티: 1종목 (ratio>1.4, ×0.3)
    계절성 패널티: 1종목 (ratio>1.4, ×0.3)
    계절성 패널티: 1종목 (ratio>1.4, ×0.3)
    계절성 패널티: 1종목 (ratio>1.4, ×0.3)
    계절성 패널티: 1종목 (ratio>1.4, ×0.3)
    계절성 패널티: 1종목 (ratio>1.4, ×0.3)
    계절성 패널티: 2종목 (ratio>1.4, ×0.3)
    계절성 패널티: 3종목 (ratio>1.4, ×0.3)
    계절성 패널티: 3종목 (ratio>1.4, ×0.3)
    계절성 패널티: 3종목 (ratio>1.4, ×0.3)
    계절성 패널티: 3종목 (ratio>1.4, ×0.3)
    계절성 패널티: 2종목 (ratio>1.4, ×0.3)
    계절성 패널티: 3종목 (ratio>1.4, ×0.3)
    계절성 패널티: 2종목 (ratio>1.4, ×0.3)
    계절성 패널티: 2종목 (ratio>1.4, ×0.3)
    계절성 패널티: 2종목 (ratio>1.4, ×0.3)
[850/893] 20220330: 223종목, 1.6초 (~1분 남음)
    계절성 패널티: 2종목 (ratio>1.4, ×0.3)
    계절성 패널티: 2종목 (ratio>1.4, ×0.3)
    계절성 패널티: 1종목 (ratio>1.4, ×0.3)
    계절성 패널티: 1종목 (ratio>1.4, ×0.3)
    계절성 패널티: 1종목 (ratio>1.4, ×0.3)
    계절성 패널티: 1종목 (ratio>1.4, ×0.3)
    계절성 패널티: 1종목 (ratio>1.4, ×0.3)
    계절성 패널티: 1종목 (ratio>1.4, ×0.3)
    계절성 패널티: 1종목 (ratio>1.4, ×0.3)
    계절성 패널티: 1종목 (ratio>1.4, ×0.3)
    계절성 패널티: 1종목 (ratio>1.4, ×0.3)
    계절성 패널티: 1종목 (ratio>1.4, ×0.3)
    계절성 패널티: 1종목 (ratio>1.4, ×0.3)
    계절성 패널티: 2종목 (ratio>1.4, ×0.3)
    계절성 패널티: 2종목 (ratio>1.4, ×0.3)
    계절성 패널티: 2종목 (ratio>1.4, ×0.3)
    계절성 패널티: 1종목 (ratio>1.4, ×0.3)
    계절성 패널티: 1종목 (ratio>1.4, ×0.3)
    계절성 패널티: 1종목 (ratio>1.4, ×0.3)
    계절성 패널티: 1종목 (ratio>1.4, ×0.3)
    계절성 패널티: 1종목 (ratio>1.4, ×0.3)
    계절성 패널티: 1종목 (ratio>1.4, ×0.3)
    계절성 패널티: 1종목 (ratio>1.4, ×0.3)
    계절성 패널티: 1종목 (ratio>1.4, ×0.3)
    계절성 패널티: 1종목 (ratio>1.4, ×0.3)
    계절성 패널티: 1종목 (ratio>1.4, ×0.3)
    계절성 패널티: 1종목 (ratio>1.4, ×0.3)
    계절성 패널티: 1종목 (ratio>1.4, ×0.3)
    계절성 패널티: 1종목 (ratio>1.4, ×0.3)
    계절성 패널티: 1종목 (ratio>1.4, ×0.3)
    계절성 패널티: 1종목 (ratio>1.4, ×0.3)
    계절성 패널티: 1종목 (ratio>1.4, ×0.3)
    계절성 패널티: 1종목 (ratio>1.4, ×0.3)
    계절성 패널티: 1종목 (ratio>1.4, ×0.3)
    계절성 패널티: 1종목 (ratio>1.4, ×0.3)
    계절성 패널티: 1종목 (ratio>1.4, ×0.3)
    계절성 패널티: 1종목 (ratio>1.4, ×0.3)
    계절성 패널티: 1종목 (ratio>1.4, ×0.3)
    계절성 패널티: 1종목 (ratio>1.4, ×0.3)
    계절성 패널티: 1종목 (ratio>1.4, ×0.3)
    계절성 패널티: 1종목 (ratio>1.4, ×0.3)
    계절성 패널티: 1종목 (ratio>1.4, ×0.3)
    계절성 패널티: 1종목 (ratio>1.4, ×0.3)

============================================================
완료: 843성공 / 50실패 / 893전체
소요: 21.6분 (평균 1.5초/일)
ranking: 1699일
============================================================
