기간: 20220602 ~ 20260615
거래일: 1008일, 기존: 0일, 생성: 1008일
출력: _sp0b_none
=== 데이터 프리로드 (v2) ===
  OHLCV: all_ohlcv_20170601_20260612.parquet
    2481거래일 × 3405종목 (0→NaN 변환 완료)
  Market cap 일괄 로드 중...
    2081일 로드 (4.0초)
  Fundamentals 일괄 로드 중...
    2089일 로드 (4.2초)
  sectors: 284일
  재무제표 로드 중...
    2798종목 (DART 1834 + FnGuide 964, 불일치→FnGuide 124, FnGuide보충 1458483건)
  Growth 팩터 사전계산 중...
    2720종목, 1008일 → 17.7초
  TTM 재무제표 사전계산 중...
    2798종목, 1008일 → 11.1초
  종목명 빌드...
    캐시에서 2773종목 로드
  거래대금 20일 평균 사전계산 중...
    2081일 (2.0초)
  3년 연속 적자(현재): 539, ni_yearly 캐시: 2798종목
  자산급변(현재): 41, asset_rev_yearly 캐시: 2676종목
  프리로드 완료: 146.6초
    계절성 패널티: 1종목 (ratio>1.4, ×0.3)
[1/1008] 20220602: 214종목, 1.8초 (~31분 남음)
    계절성 패널티: 1종목 (ratio>1.4, ×0.3)
    계절성 패널티: 1종목 (ratio>1.4, ×0.3)
    계절성 패널티: 1종목 (ratio>1.4, ×0.3)
    계절성 패널티: 1종목 (ratio>1.4, ×0.3)
    계절성 패널티: 2종목 (ratio>1.4, ×0.3)
    계절성 패널티: 2종목 (ratio>1.4, ×0.3)
    계절성 패널티: 1종목 (ratio>1.4, ×0.3)
    계절성 패널티: 1종목 (ratio>1.4, ×0.3)
    계절성 패널티: 1종목 (ratio>1.4, ×0.3)
    계절성 패널티: 1종목 (ratio>1.4, ×0.3)
    계절성 패널티: 1종목 (ratio>1.4, ×0.3)
    계절성 패널티: 1종목 (ratio>1.4, ×0.3)
    계절성 패널티: 1종목 (ratio>1.4, ×0.3)
    계절성 패널티: 1종목 (ratio>1.4, ×0.3)
    계절성 패널티: 1종목 (ratio>1.4, ×0.3)
    계절성 패널티: 1종목 (ratio>1.4, ×0.3)
[50/1008] 20220811: 132종목, 1.2초 (~17분 남음)
    계절성 패널티: 1종목 (ratio>1.4, ×0.3)
    계절성 패널티: 1종목 (ratio>1.4, ×0.3)
    계절성 패널티: 1종목 (ratio>1.4, ×0.3)
    계절성 패널티: 1종목 (ratio>1.4, ×0.3)
    계절성 패널티: 1종목 (ratio>1.4, ×0.3)
    계절성 패널티: 1종목 (ratio>1.4, ×0.3)
    계절성 패널티: 1종목 (ratio>1.4, ×0.3)
    계절성 패널티: 1종목 (ratio>1.4, ×0.3)
[100/1008] 20221027: 69종목, 0.8초 (~16분 남음)
    계절성 패널티: 1종목 (ratio>1.4, ×0.3)
    계절성 패널티: 1종목 (ratio>1.4, ×0.3)
    계절성 패널티: 1종목 (ratio>1.4, ×0.3)
    계절성 패널티: 1종목 (ratio>1.4, ×0.3)
    계절성 패널티: 1종목 (ratio>1.4, ×0.3)
    계절성 패널티: 1종목 (ratio>1.4, ×0.3)
    계절성 패널티: 1종목 (ratio>1.4, ×0.3)
    계절성 패널티: 2종목 (ratio>1.4, ×0.3)
    계절성 패널티: 2종목 (ratio>1.4, ×0.3)
    계절성 패널티: 2종목 (ratio>1.4, ×0.3)
    계절성 패널티: 2종목 (ratio>1.4, ×0.3)
[150/1008] 20230106: 118종목, 1.0초 (~16분 남음)
    계절성 패널티: 2종목 (ratio>1.4, ×0.3)
    계절성 패널티: 2종목 (ratio>1.4, ×0.3)
    계절성 패널티: 2종목 (ratio>1.4, ×0.3)
    계절성 패널티: 2종목 (ratio>1.4, ×0.3)
    계절성 패널티: 2종목 (ratio>1.4, ×0.3)
    계절성 패널티: 2종목 (ratio>1.4, ×0.3)
    계절성 패널티: 2종목 (ratio>1.4, ×0.3)
    계절성 패널티: 2종목 (ratio>1.4, ×0.3)
    계절성 패널티: 2종목 (ratio>1.4, ×0.3)
    계절성 패널티: 2종목 (ratio>1.4, ×0.3)
    계절성 패널티: 2종목 (ratio>1.4, ×0.3)
    계절성 패널티: 2종목 (ratio>1.4, ×0.3)
    계절성 패널티: 1종목 (ratio>1.4, ×0.3)
    계절성 패널티: 1종목 (ratio>1.4, ×0.3)
    계절성 패널티: 1종목 (ratio>1.4, ×0.3)
    계절성 패널티: 1종목 (ratio>1.4, ×0.3)
    계절성 패널티: 1종목 (ratio>1.4, ×0.3)
    계절성 패널티: 1종목 (ratio>1.4, ×0.3)
    계절성 패널티: 1종목 (ratio>1.4, ×0.3)
    계절성 패널티: 1종목 (ratio>1.4, ×0.3)
    계절성 패널티: 1종목 (ratio>1.4, ×0.3)
    계절성 패널티: 2종목 (ratio>1.4, ×0.3)
    계절성 패널티: 2종목 (ratio>1.4, ×0.3)
    계절성 패널티: 2종목 (ratio>1.4, ×0.3)
    계절성 패널티: 2종목 (ratio>1.4, ×0.3)
    계절성 패널티: 2종목 (ratio>1.4, ×0.3)
    계절성 패널티: 1종목 (ratio>1.4, ×0.3)
    계절성 패널티: 1종목 (ratio>1.4, ×0.3)
    계절성 패널티: 1종목 (ratio>1.4, ×0.3)
    계절성 패널티: 1종목 (ratio>1.4, ×0.3)
    계절성 패널티: 1종목 (ratio>1.4, ×0.3)
    계절성 패널티: 1종목 (ratio>1.4, ×0.3)
    계절성 패널티: 1종목 (ratio>1.4, ×0.3)
    계절성 패널티: 1종목 (ratio>1.4, ×0.3)
    계절성 패널티: 1종목 (ratio>1.4, ×0.3)
    계절성 패널티: 1종목 (ratio>1.4, ×0.3)
    계절성 패널티: 1종목 (ratio>1.4, ×0.3)
    계절성 패널티: 1종목 (ratio>1.4, ×0.3)
    계절성 패널티: 1종목 (ratio>1.4, ×0.3)
    계절성 패널티: 1종목 (ratio>1.4, ×0.3)
    계절성 패널티: 1종목 (ratio>1.4, ×0.3)
    계절성 패널티: 1종목 (ratio>1.4, ×0.3)
    계절성 패널티: 1종목 (ratio>1.4, ×0.3)
    계절성 패널티: 1종목 (ratio>1.4, ×0.3)
    계절성 패널티: 1종목 (ratio>1.4, ×0.3)
    계절성 패널티: 1종목 (ratio>1.4, ×0.3)
    계절성 패널티: 2종목 (ratio>1.4, ×0.3)
    계절성 패널티: 2종목 (ratio>1.4, ×0.3)
    계절성 패널티: 2종목 (ratio>1.4, ×0.3)
    계절성 패널티: 2종목 (ratio>1.4, ×0.3)
[200/1008] 20230322: 218종목, 1.6초 (~16분 남음)
    계절성 패널티: 2종목 (ratio>1.4, ×0.3)
    계절성 패널티: 2종목 (ratio>1.4, ×0.3)
    계절성 패널티: 1종목 (ratio>1.4, ×0.3)
    계절성 패널티: 2종목 (ratio>1.4, ×0.3)
    계절성 패널티: 2종목 (ratio>1.4, ×0.3)
    계절성 패널티: 3종목 (ratio>1.4, ×0.3)
    계절성 패널티: 3종목 (ratio>1.4, ×0.3)
    계절성 패널티: 3종목 (ratio>1.4, ×0.3)
    계절성 패널티: 3종목 (ratio>1.4, ×0.3)
    계절성 패널티: 3종목 (ratio>1.4, ×0.3)
    계절성 패널티: 2종목 (ratio>1.4, ×0.3)
    계절성 패널티: 2종목 (ratio>1.4, ×0.3)
    계절성 패널티: 2종목 (ratio>1.4, ×0.3)
    계절성 패널티: 2종목 (ratio>1.4, ×0.3)
    SG6 활성 (k=2548, ma=2401, 거리 +6.1%)
    QoQ 패널티(D6): 184종목 (×0.7)
    계절성 패널티: 2종목 (ratio>1.4, ×0.3)
    SG6 활성 (k=2551, ma=2401, 거리 +6.2%)
    QoQ 패널티(D6): 185종목 (×0.7)
    계절성 패널티: 2종목 (ratio>1.4, ×0.3)
    SG6 활성 (k=2562, ma=2401, 거리 +6.7%)
    QoQ 패널티(D6): 195종목 (×0.7)
    계절성 패널티: 2종목 (ratio>1.4, ×0.3)
    SG6 활성 (k=2571, ma=2400, 거리 +7.1%)
    QoQ 패널티(D6): 199종목 (×0.7)
    계절성 패널티: 2종목 (ratio>1.4, ×0.3)
    SG6 활성 (k=2576, ma=2400, 거리 +7.3%)
    QoQ 패널티(D6): 199종목 (×0.7)
    계절성 패널티: 2종목 (ratio>1.4, ×0.3)
    SG6 활성 (k=2571, ma=2400, 거리 +7.1%)
    QoQ 패널티(D6): 196종목 (×0.7)
    계절성 패널티: 2종목 (ratio>1.4, ×0.3)
    SG6 활성 (k=2575, ma=2399, 거리 +7.3%)
    QoQ 패널티(D6): 204종목 (×0.7)
    계절성 패널티: 2종목 (ratio>1.4, ×0.3)
    SG6 활성 (k=2563, ma=2399, 거리 +6.9%)
    QoQ 패널티(D6): 195종목 (×0.7)
    계절성 패널티: 1종목 (ratio>1.4, ×0.3)
    SG6 활성 (k=2544, ma=2398, 거리 +6.1%)
    QoQ 패널티(D6): 188종목 (×0.7)
    계절성 패널티: 1종목 (ratio>1.4, ×0.3)
    계절성 패널티: 1종목 (ratio>1.4, ×0.3)
    계절성 패널티: 1종목 (ratio>1.4, ×0.3)
    계절성 패널티: 1종목 (ratio>1.4, ×0.3)
    계절성 패널티: 1종목 (ratio>1.4, ×0.3)
    계절성 패널티: 1종목 (ratio>1.4, ×0.3)
    계절성 패널티: 1종목 (ratio>1.4, ×0.3)
    계절성 패널티: 1종목 (ratio>1.4, ×0.3)
    계절성 패널티: 1종목 (ratio>1.4, ×0.3)
    계절성 패널티: 1종목 (ratio>1.4, ×0.3)
    계절성 패널티: 1종목 (ratio>1.4, ×0.3)
    계절성 패널티: 1종목 (ratio>1.4, ×0.3)
    계절성 패널티: 1종목 (ratio>1.4, ×0.3)
    계절성 패널티: 2종목 (ratio>1.4, ×0.3)
    계절성 패널티: 2종목 (ratio>1.4, ×0.3)
    계절성 패널티: 2종목 (ratio>1.4, ×0.3)
    계절성 패널티: 2종목 (ratio>1.4, ×0.3)
    계절성 패널티: 2종목 (ratio>1.4, ×0.3)
    계절성 패널티: 2종목 (ratio>1.4, ×0.3)
    SG6 활성 (k=2557, ma=2403, 거리 +6.4%)
    QoQ 패널티(D6): 126종목 (×0.7)
    계절성 패널티: 2종목 (ratio>1.4, ×0.3)
    SG6 활성 (k=2568, ma=2404, 거리 +6.8%)
    QoQ 패널티(D6): 124종목 (×0.7)
    계절성 패널티: 2종목 (ratio>1.4, ×0.3)
    SG6 활성 (k=2567, ma=2405, 거리 +6.7%)
    QoQ 패널티(D6): 122종목 (×0.7)
    계절성 패널티: 2종목 (ratio>1.4, ×0.3)
    SG6 활성 (k=2555, ma=2406, 거리 +6.2%)
    QoQ 패널티(D6): 119종목 (×0.7)
    계절성 패널티: 1종목 (ratio>1.4, ×0.3)
    SG6 활성 (k=2559, ma=2408, 거리 +6.3%)
    QoQ 패널티(D6): 115종목 (×0.7)
    계절성 패널티: 1종목 (ratio>1.4, ×0.3)
    SG6 활성 (k=2586, ma=2409, 거리 +7.3%)
    QoQ 패널티(D6): 122종목 (×0.7)
    계절성 패널티: 1종목 (ratio>1.4, ×0.3)
    SG6 활성 (k=2577, ma=2410, 거리 +6.9%)
    QoQ 패널티(D6): 123종목 (×0.7)
    계절성 패널티: 1종목 (ratio>1.4, ×0.3)
    SG6 활성 (k=2569, ma=2411, 거리 +6.6%)
    QoQ 패널티(D6): 126종목 (×0.7)
    계절성 패널티: 1종목 (ratio>1.4, ×0.3)
    SG6 활성 (k=2601, ma=2412, 거리 +7.8%)
    QoQ 패널티(D6): 126종목 (×0.7)
    계절성 패널티: 1종목 (ratio>1.4, ×0.3)
    SG6 활성 (k=2615, ma=2413, 거리 +8.4%)
    QoQ 패널티(D6): 127종목 (×0.7)
[250/1008] 20230605: 246종목, 1.9초 (~17분 남음)
    계절성 패널티: 1종목 (ratio>1.4, ×0.3)
    SG6 활성 (k=2616, ma=2415, 거리 +8.3%)
    QoQ 패널티(D6): 130종목 (×0.7)
    계절성 패널티: 1종목 (ratio>1.4, ×0.3)
    SG6 활성 (k=2611, ma=2416, 거리 +8.1%)
    QoQ 패널티(D6): 131종목 (×0.7)
    계절성 패널티: 1종목 (ratio>1.4, ×0.3)
    SG6 활성 (k=2641, ma=2417, 거리 +9.3%)
    QoQ 패널티(D6): 133종목 (×0.7)
    계절성 패널티: 1종목 (ratio>1.4, ×0.3)
    SG6 활성 (k=2629, ma=2418, 거리 +8.7%)
    QoQ 패널티(D6): 126종목 (×0.7)
    계절성 패널티: 1종목 (ratio>1.4, ×0.3)
    SG6 활성 (k=2638, ma=2419, 거리 +9.0%)
    QoQ 패널티(D6): 134종목 (×0.7)
    계절성 패널티: 1종목 (ratio>1.4, ×0.3)
    SG6 활성 (k=2619, ma=2420, 거리 +8.2%)
    QoQ 패널티(D6): 129종목 (×0.7)
    계절성 패널티: 1종목 (ratio>1.4, ×0.3)
    SG6 활성 (k=2609, ma=2421, 거리 +7.7%)
    QoQ 패널티(D6): 124종목 (×0.7)
    계절성 패널티: 1종목 (ratio>1.4, ×0.3)
    SG6 활성 (k=2626, ma=2422, 거리 +8.4%)
    QoQ 패널티(D6): 133종목 (×0.7)
    계절성 패널티: 1종목 (ratio>1.4, ×0.3)
    SG6 활성 (k=2610, ma=2423, 거리 +7.7%)
    QoQ 패널티(D6): 137종목 (×0.7)
    계절성 패널티: 1종목 (ratio>1.4, ×0.3)
    SG6 활성 (k=2605, ma=2424, 거리 +7.5%)
    QoQ 패널티(D6): 141종목 (×0.7)
    계절성 패널티: 1종목 (ratio>1.4, ×0.3)
    SG6 활성 (k=2583, ma=2424, 거리 +6.5%)
    QoQ 패널티(D6): 137종목 (×0.7)
    계절성 패널티: 1종목 (ratio>1.4, ×0.3)
    SG6 활성 (k=2594, ma=2425, 거리 +7.0%)
    QoQ 패널티(D6): 135종목 (×0.7)
    계절성 패널티: 1종목 (ratio>1.4, ×0.3)
    계절성 패널티: 1종목 (ratio>1.4, ×0.3)
    SG6 활성 (k=2582, ma=2426, 거리 +6.4%)
    QoQ 패널티(D6): 133종목 (×0.7)
    계절성 패널티: 1종목 (ratio>1.4, ×0.3)
    SG6 활성 (k=2581, ma=2427, 거리 +6.4%)
    QoQ 패널티(D6): 138종목 (×0.7)
    계절성 패널티: 1종목 (ratio>1.4, ×0.3)
    계절성 패널티: 1종목 (ratio>1.4, ×0.3)
    계절성 패널티: 1종목 (ratio>1.4, ×0.3)
    계절성 패널티: 1종목 (ratio>1.4, ×0.3)
    SG6 활성 (k=2602, ma=2428, 거리 +7.2%)
    QoQ 패널티(D6): 139종목 (×0.7)
    계절성 패널티: 1종목 (ratio>1.4, ×0.3)
    SG6 활성 (k=2593, ma=2428, 거리 +6.8%)
    QoQ 패널티(D6): 140종목 (×0.7)
    계절성 패널티: 1종목 (ratio>1.4, ×0.3)
    SG6 활성 (k=2579, ma=2429, 거리 +6.2%)
    QoQ 패널티(D6): 143종목 (×0.7)
    계절성 패널티: 1종목 (ratio>1.4, ×0.3)
    계절성 패널티: 1종목 (ratio>1.4, ×0.3)
    계절성 패널티: 1종목 (ratio>1.4, ×0.3)
    계절성 패널티: 1종목 (ratio>1.4, ×0.3)
    계절성 패널티: 1종목 (ratio>1.4, ×0.3)
    계절성 패널티: 1종목 (ratio>1.4, ×0.3)
    SG6 활성 (k=2591, ma=2430, 거리 +6.6%)
    QoQ 패널티(D6): 144종목 (×0.7)
    계절성 패널티: 1종목 (ratio>1.4, ×0.3)
    SG6 활성 (k=2628, ma=2431, 거리 +8.1%)
    QoQ 패널티(D6): 146종목 (×0.7)
    계절성 패널티: 1종목 (ratio>1.4, ×0.3)
    SG6 활성 (k=2619, ma=2432, 거리 +7.7%)
    QoQ 패널티(D6): 147종목 (×0.7)
    계절성 패널티: 1종목 (ratio>1.4, ×0.3)
    SG6 활성 (k=2608, ma=2432, 거리 +7.2%)
    QoQ 패널티(D6): 142종목 (×0.7)
    계절성 패널티: 1종목 (ratio>1.4, ×0.3)
    SG6 활성 (k=2608, ma=2433, 거리 +7.2%)
    QoQ 패널티(D6): 131종목 (×0.7)
    계절성 패널티: 1종목 (ratio>1.4, ×0.3)
    SG6 활성 (k=2600, ma=2434, 거리 +6.8%)
    QoQ 패널티(D6): 137종목 (×0.7)
    계절성 패널티: 1종목 (ratio>1.4, ×0.3)
    SG6 활성 (k=2610, ma=2434, 거리 +7.2%)
    QoQ 패널티(D6): 132종목 (×0.7)
    계절성 패널티: 1종목 (ratio>1.4, ×0.3)
    SG6 활성 (k=2629, ma=2435, 거리 +7.9%)
    QoQ 패널티(D6): 124종목 (×0.7)
    계절성 패널티: 1종목 (ratio>1.4, ×0.3)
    SG6 활성 (k=2636, ma=2436, 거리 +8.2%)
    QoQ 패널티(D6): 121종목 (×0.7)
    SG6 활성 (k=2592, ma=2437, 거리 +6.4%)
    QoQ 패널티(D6): 95종목 (×0.7)
    SG6 활성 (k=2604, ma=2438, 거리 +6.8%)
    QoQ 패널티(D6): 115종목 (×0.7)
    SG6 활성 (k=2608, ma=2439, 거리 +6.9%)
    QoQ 패널티(D6): 114종목 (×0.7)
    SG6 활성 (k=2633, ma=2440, 거리 +7.9%)
    QoQ 패널티(D6): 118종목 (×0.7)
    SG6 활성 (k=2667, ma=2441, 거리 +9.2%)
    QoQ 패널티(D6): 121종목 (×0.7)
    SG6 활성 (k=2616, ma=2442, 거리 +7.1%)
    QoQ 패널티(D6): 116종목 (×0.7)
    SG6 활성 (k=2605, ma=2443, 거리 +6.6%)
    QoQ 패널티(D6): 117종목 (×0.7)
    SG6 활성 (k=2603, ma=2444, 거리 +6.5%)
    QoQ 패널티(D6): 112종목 (×0.7)
    SG6 활성 (k=2605, ma=2447, 거리 +6.4%)
    QoQ 패널티(D6): 111종목 (×0.7)
    SG6 활성 (k=2602, ma=2449, 거리 +6.2%)
    QoQ 패널티(D6): 106종목 (×0.7)
    계절성 패널티: 2종목 (ratio>1.4, ×0.3)
    계절성 패널티: 2종목 (ratio>1.4, ×0.3)
[300/1008] 20230816: 185종목, 1.5초 (~17분 남음)
    계절성 패널티: 2종목 (ratio>1.4, ×0.3)
    계절성 패널티: 3종목 (ratio>1.4, ×0.3)
    계절성 패널티: 3종목 (ratio>1.4, ×0.3)
    계절성 패널티: 1종목 (ratio>1.4, ×0.3)
    계절성 패널티: 2종목 (ratio>1.4, ×0.3)
    계절성 패널티: 3종목 (ratio>1.4, ×0.3)
    계절성 패널티: 3종목 (ratio>1.4, ×0.3)
    계절성 패널티: 3종목 (ratio>1.4, ×0.3)
    계절성 패널티: 3종목 (ratio>1.4, ×0.3)
    계절성 패널티: 3종목 (ratio>1.4, ×0.3)
    계절성 패널티: 3종목 (ratio>1.4, ×0.3)
    계절성 패널티: 3종목 (ratio>1.4, ×0.3)
    계절성 패널티: 3종목 (ratio>1.4, ×0.3)
    계절성 패널티: 3종목 (ratio>1.4, ×0.3)
    계절성 패널티: 3종목 (ratio>1.4, ×0.3)
    계절성 패널티: 3종목 (ratio>1.4, ×0.3)
    계절성 패널티: 3종목 (ratio>1.4, ×0.3)
    계절성 패널티: 3종목 (ratio>1.4, ×0.3)
    계절성 패널티: 2종목 (ratio>1.4, ×0.3)
    계절성 패널티: 2종목 (ratio>1.4, ×0.3)
    계절성 패널티: 2종목 (ratio>1.4, ×0.3)
    계절성 패널티: 2종목 (ratio>1.4, ×0.3)
    계절성 패널티: 2종목 (ratio>1.4, ×0.3)
    계절성 패널티: 3종목 (ratio>1.4, ×0.3)
    계절성 패널티: 3종목 (ratio>1.4, ×0.3)
    계절성 패널티: 3종목 (ratio>1.4, ×0.3)
    계절성 패널티: 2종목 (ratio>1.4, ×0.3)
    계절성 패널티: 2종목 (ratio>1.4, ×0.3)
    계절성 패널티: 2종목 (ratio>1.4, ×0.3)
    계절성 패널티: 2종목 (ratio>1.4, ×0.3)
    계절성 패널티: 1종목 (ratio>1.4, ×0.3)
    계절성 패널티: 1종목 (ratio>1.4, ×0.3)
    계절성 패널티: 1종목 (ratio>1.4, ×0.3)
    계절성 패널티: 2종목 (ratio>1.4, ×0.3)
    계절성 패널티: 2종목 (ratio>1.4, ×0.3)
    계절성 패널티: 1종목 (ratio>1.4, ×0.3)
    계절성 패널티: 2종목 (ratio>1.4, ×0.3)
    계절성 패널티: 2종목 (ratio>1.4, ×0.3)
    계절성 패널티: 2종목 (ratio>1.4, ×0.3)
    계절성 패널티: 1종목 (ratio>1.4, ×0.3)
    계절성 패널티: 1종목 (ratio>1.4, ×0.3)
    계절성 패널티: 1종목 (ratio>1.4, ×0.3)
    계절성 패널티: 1종목 (ratio>1.4, ×0.3)
    계절성 패널티: 1종목 (ratio>1.4, ×0.3)
    계절성 패널티: 1종목 (ratio>1.4, ×0.3)
    계절성 패널티: 1종목 (ratio>1.4, ×0.3)
    계절성 패널티: 1종목 (ratio>1.4, ×0.3)
[350/1008] 20231101: 88종목, 0.9초 (~16분 남음)
    계절성 패널티: 1종목 (ratio>1.4, ×0.3)
    계절성 패널티: 1종목 (ratio>1.4, ×0.3)
    계절성 패널티: 1종목 (ratio>1.4, ×0.3)
    계절성 패널티: 1종목 (ratio>1.4, ×0.3)
    계절성 패널티: 2종목 (ratio>1.4, ×0.3)
    계절성 패널티: 2종목 (ratio>1.4, ×0.3)
    계절성 패널티: 2종목 (ratio>1.4, ×0.3)
    계절성 패널티: 1종목 (ratio>1.4, ×0.3)
    계절성 패널티: 1종목 (ratio>1.4, ×0.3)
    계절성 패널티: 1종목 (ratio>1.4, ×0.3)
    계절성 패널티: 1종목 (ratio>1.4, ×0.3)
    계절성 패널티: 1종목 (ratio>1.4, ×0.3)
    계절성 패널티: 1종목 (ratio>1.4, ×0.3)
    계절성 패널티: 1종목 (ratio>1.4, ×0.3)
    계절성 패널티: 1종목 (ratio>1.4, ×0.3)
    계절성 패널티: 1종목 (ratio>1.4, ×0.3)
    계절성 패널티: 1종목 (ratio>1.4, ×0.3)
    계절성 패널티: 1종목 (ratio>1.4, ×0.3)
    계절성 패널티: 1종목 (ratio>1.4, ×0.3)
    계절성 패널티: 1종목 (ratio>1.4, ×0.3)
    계절성 패널티: 1종목 (ratio>1.4, ×0.3)
    계절성 패널티: 1종목 (ratio>1.4, ×0.3)
    계절성 패널티: 1종목 (ratio>1.4, ×0.3)
    계절성 패널티: 1종목 (ratio>1.4, ×0.3)
    계절성 패널티: 1종목 (ratio>1.4, ×0.3)
    계절성 패널티: 1종목 (ratio>1.4, ×0.3)
    계절성 패널티: 1종목 (ratio>1.4, ×0.3)
    계절성 패널티: 1종목 (ratio>1.4, ×0.3)
    계절성 패널티: 1종목 (ratio>1.4, ×0.3)
    계절성 패널티: 1종목 (ratio>1.4, ×0.3)
    계절성 패널티: 1종목 (ratio>1.4, ×0.3)
    계절성 패널티: 1종목 (ratio>1.4, ×0.3)
    계절성 패널티: 1종목 (ratio>1.4, ×0.3)
    계절성 패널티: 1종목 (ratio>1.4, ×0.3)
    계절성 패널티: 1종목 (ratio>1.4, ×0.3)
    계절성 패널티: 1종목 (ratio>1.4, ×0.3)
    SG6 활성 (k=2670, ma=2513, 거리 +6.2%)
    QoQ 패널티(D6): 125종목 (×0.7)
    계절성 패널티: 1종목 (ratio>1.4, ×0.3)
    계절성 패널티: 1종목 (ratio>1.4, ×0.3)
    계절성 패널티: 1종목 (ratio>1.4, ×0.3)
    계절성 패널티: 1종목 (ratio>1.4, ×0.3)
    계절성 패널티: 1종목 (ratio>1.4, ×0.3)
    계절성 패널티: 1종목 (ratio>1.4, ×0.3)
    계절성 패널티: 1종목 (ratio>1.4, ×0.3)
    계절성 패널티: 1종목 (ratio>1.4, ×0.3)
    계절성 패널티: 1종목 (ratio>1.4, ×0.3)
[400/1008] 20240115: 204종목, 1.7초 (~14분 남음)
    계절성 패널티: 1종목 (ratio>1.4, ×0.3)
    계절성 패널티: 1종목 (ratio>1.4, ×0.3)
    계절성 패널티: 1종목 (ratio>1.4, ×0.3)
    계절성 패널티: 1종목 (ratio>1.4, ×0.3)
    계절성 패널티: 1종목 (ratio>1.4, ×0.3)
    계절성 패널티: 1종목 (ratio>1.4, ×0.3)
    계절성 패널티: 1종목 (ratio>1.4, ×0.3)
    계절성 패널티: 1종목 (ratio>1.4, ×0.3)
    계절성 패널티: 1종목 (ratio>1.4, ×0.3)
    계절성 패널티: 1종목 (ratio>1.4, ×0.3)
    계절성 패널티: 1종목 (ratio>1.4, ×0.3)
    계절성 패널티: 1종목 (ratio>1.4, ×0.3)
    계절성 패널티: 1종목 (ratio>1.4, ×0.3)
    계절성 패널티: 1종목 (ratio>1.4, ×0.3)
    계절성 패널티: 1종목 (ratio>1.4, ×0.3)
    계절성 패널티: 1종목 (ratio>1.4, ×0.3)
    계절성 패널티: 1종목 (ratio>1.4, ×0.3)
    계절성 패널티: 1종목 (ratio>1.4, ×0.3)
    계절성 패널티: 1종목 (ratio>1.4, ×0.3)
    계절성 패널티: 1종목 (ratio>1.4, ×0.3)
    계절성 패널티: 1종목 (ratio>1.4, ×0.3)
    계절성 패널티: 1종목 (ratio>1.4, ×0.3)
    계절성 패널티: 1종목 (ratio>1.4, ×0.3)
    계절성 패널티: 1종목 (ratio>1.4, ×0.3)
    계절성 패널티: 1종목 (ratio>1.4, ×0.3)
    계절성 패널티: 1종목 (ratio>1.4, ×0.3)
    계절성 패널티: 1종목 (ratio>1.4, ×0.3)
    계절성 패널티: 1종목 (ratio>1.4, ×0.3)
    계절성 패널티: 1종목 (ratio>1.4, ×0.3)
    계절성 패널티: 1종목 (ratio>1.4, ×0.3)
    계절성 패널티: 1종목 (ratio>1.4, ×0.3)
    계절성 패널티: 1종목 (ratio>1.4, ×0.3)
    계절성 패널티: 1종목 (ratio>1.4, ×0.3)
    계절성 패널티: 1종목 (ratio>1.4, ×0.3)
    계절성 패널티: 1종목 (ratio>1.4, ×0.3)
    계절성 패널티: 1종목 (ratio>1.4, ×0.3)
    계절성 패널티: 2종목 (ratio>1.4, ×0.3)
    계절성 패널티: 1종목 (ratio>1.4, ×0.3)
    계절성 패널티: 1종목 (ratio>1.4, ×0.3)
    계절성 패널티: 1종목 (ratio>1.4, ×0.3)
    SG6 활성 (k=2719, ma=2542, 거리 +6.9%)
    QoQ 패널티(D6): 129종목 (×0.7)
    계절성 패널티: 1종목 (ratio>1.4, ×0.3)
    계절성 패널티: 2종목 (ratio>1.4, ×0.3)
    계절성 패널티: 1종목 (ratio>1.4, ×0.3)
    계절성 패널티: 2종목 (ratio>1.4, ×0.3)
    계절성 패널티: 4종목 (ratio>1.4, ×0.3)
    SG6 활성 (k=2755, ma=2546, 거리 +8.2%)
    QoQ 패널티(D6): 141종목 (×0.7)
    계절성 패널티: 4종목 (ratio>1.4, ×0.3)
    SG6 활성 (k=2749, ma=2548, 거리 +7.9%)
    QoQ 패널티(D6): 137종목 (×0.7)
    계절성 패널티: 4종목 (ratio>1.4, ×0.3)
    SG6 활성 (k=2738, ma=2549, 거리 +7.4%)
    QoQ 패널티(D6): 139종목 (×0.7)
    계절성 패널티: 4종목 (ratio>1.4, ×0.3)
    SG6 활성 (k=2757, ma=2550, 거리 +8.1%)
    QoQ 패널티(D6): 143종목 (×0.7)
    계절성 패널티: 4종목 (ratio>1.4, ×0.3)
    SG6 활성 (k=2755, ma=2551, 거리 +8.0%)
    QoQ 패널티(D6): 137종목 (×0.7)
    계절성 패널티: 4종목 (ratio>1.4, ×0.3)
    SG6 활성 (k=2746, ma=2552, 거리 +7.6%)
    QoQ 패널티(D6): 146종목 (×0.7)
[450/1008] 20240328: 235종목, 1.8초 (~13분 남음)
    계절성 패널티: 4종목 (ratio>1.4, ×0.3)
    SG6 활성 (k=2747, ma=2553, 거리 +7.6%)
    QoQ 패널티(D6): 145종목 (×0.7)
    계절성 패널티: 4종목 (ratio>1.4, ×0.3)
    SG6 활성 (k=2748, ma=2554, 거리 +7.6%)
    QoQ 패널티(D6): 153종목 (×0.7)
    계절성 패널티: 5종목 (ratio>1.4, ×0.3)
    SG6 활성 (k=2753, ma=2555, 거리 +7.7%)
    QoQ 패널티(D6): 145종목 (×0.7)
    계절성 패널티: 5종목 (ratio>1.4, ×0.3)
    계절성 패널티: 4종목 (ratio>1.4, ×0.3)
    SG6 활성 (k=2742, ma=2557, 거리 +7.2%)
    QoQ 패널티(D6): 135종목 (×0.7)
    계절성 패널티: 5종목 (ratio>1.4, ×0.3)
    SG6 활성 (k=2714, ma=2558, 거리 +6.1%)
    QoQ 패널티(D6): 135종목 (×0.7)
    계절성 패널티: 5종목 (ratio>1.4, ×0.3)
    SG6 활성 (k=2718, ma=2560, 거리 +6.2%)
    QoQ 패널티(D6): 126종목 (×0.7)
    계절성 패널티: 5종목 (ratio>1.4, ×0.3)
    계절성 패널티: 4종목 (ratio>1.4, ×0.3)
    계절성 패널티: 4종목 (ratio>1.4, ×0.3)
    계절성 패널티: 4종목 (ratio>1.4, ×0.3)
    계절성 패널티: 5종목 (ratio>1.4, ×0.3)
    계절성 패널티: 4종목 (ratio>1.4, ×0.3)
    계절성 패널티: 4종목 (ratio>1.4, ×0.3)
    계절성 패널티: 4종목 (ratio>1.4, ×0.3)
    계절성 패널티: 4종목 (ratio>1.4, ×0.3)
    계절성 패널티: 4종목 (ratio>1.4, ×0.3)
    계절성 패널티: 5종목 (ratio>1.4, ×0.3)
    계절성 패널티: 4종목 (ratio>1.4, ×0.3)
    계절성 패널티: 5종목 (ratio>1.4, ×0.3)
    계절성 패널티: 6종목 (ratio>1.4, ×0.3)
    계절성 패널티: 5종목 (ratio>1.4, ×0.3)
    계절성 패널티: 5종목 (ratio>1.4, ×0.3)
    계절성 패널티: 5종목 (ratio>1.4, ×0.3)
    계절성 패널티: 6종목 (ratio>1.4, ×0.3)
    SG6 활성 (k=2734, ma=2566, 거리 +6.6%)
    QoQ 패널티(D6): 123종목 (×0.7)
    계절성 패널티: 5종목 (ratio>1.4, ×0.3)
    SG6 활성 (k=2745, ma=2567, 거리 +7.0%)
    QoQ 패널티(D6): 132종목 (×0.7)
    계절성 패널티: 4종목 (ratio>1.4, ×0.3)
    계절성 패널티: 6종목 (ratio>1.4, ×0.3)
    SG6 활성 (k=2728, ma=2568, 거리 +6.2%)
    QoQ 패널티(D6): 125종목 (×0.7)
    계절성 패널티: 3종목 (ratio>1.4, ×0.3)
    SG6 활성 (k=2727, ma=2568, 거리 +6.2%)
    QoQ 패널티(D6): 130종목 (×0.7)
    계절성 패널티: 2종목 (ratio>1.4, ×0.3)
    SG6 활성 (k=2730, ma=2569, 거리 +6.3%)
    QoQ 패널티(D6): 125종목 (×0.7)
    SG6 활성 (k=2753, ma=2569, 거리 +7.1%)
    QoQ 패널티(D6): 113종목 (×0.7)
    계절성 패널티: 1종목 (ratio>1.4, ×0.3)
    SG6 활성 (k=2725, ma=2570, 거리 +6.0%)
    QoQ 패널티(D6): 108종목 (×0.7)
    SG6 활성 (k=2742, ma=2571, 거리 +6.7%)
    QoQ 패널티(D6): 107종목 (×0.7)
    계절성 패널티: 1종목 (ratio>1.4, ×0.3)
    계절성 패널티: 1종목 (ratio>1.4, ×0.3)
    계절성 패널티: 1종목 (ratio>1.4, ×0.3)
    계절성 패널티: 1종목 (ratio>1.4, ×0.3)
    계절성 패널티: 1종목 (ratio>1.4, ×0.3)
    계절성 패널티: 1종목 (ratio>1.4, ×0.3)
    계절성 패널티: 1종목 (ratio>1.4, ×0.3)
    계절성 패널티: 1종목 (ratio>1.4, ×0.3)
    계절성 패널티: 1종목 (ratio>1.4, ×0.3)
    계절성 패널티: 1종목 (ratio>1.4, ×0.3)
    계절성 패널티: 1종목 (ratio>1.4, ×0.3)
    계절성 패널티: 1종목 (ratio>1.4, ×0.3)
    계절성 패널티: 2종목 (ratio>1.4, ×0.3)
    계절성 패널티: 2종목 (ratio>1.4, ×0.3)
    계절성 패널티: 2종목 (ratio>1.4, ×0.3)
    계절성 패널티: 3종목 (ratio>1.4, ×0.3)
    계절성 패널티: 2종목 (ratio>1.4, ×0.3)
    SG6 활성 (k=2755, ma=2580, 거리 +6.8%)
    QoQ 패널티(D6): 107종목 (×0.7)
[500/1008] 20240613: 229종목, 1.8초 (~12분 남음)
    계절성 패널티: 2종목 (ratio>1.4, ×0.3)
    SG6 활성 (k=2758, ma=2581, 거리 +6.9%)
    QoQ 패널티(D6): 112종목 (×0.7)
    계절성 패널티: 2종목 (ratio>1.4, ×0.3)
    SG6 활성 (k=2744, ma=2582, 거리 +6.3%)
    QoQ 패널티(D6): 112종목 (×0.7)
    계절성 패널티: 1종목 (ratio>1.4, ×0.3)
    SG6 활성 (k=2764, ma=2582, 거리 +7.0%)
    QoQ 패널티(D6): 111종목 (×0.7)
    계절성 패널티: 2종목 (ratio>1.4, ×0.3)
    SG6 활성 (k=2797, ma=2583, 거리 +8.3%)
    QoQ 패널티(D6): 114종목 (×0.7)
    계절성 패널티: 2종목 (ratio>1.4, ×0.3)
    SG6 활성 (k=2808, ma=2584, 거리 +8.7%)
    QoQ 패널티(D6): 107종목 (×0.7)
    계절성 패널티: 1종목 (ratio>1.4, ×0.3)
    SG6 활성 (k=2784, ma=2585, 거리 +7.7%)
    QoQ 패널티(D6): 102종목 (×0.7)
    계절성 패널티: 1종목 (ratio>1.4, ×0.3)
    SG6 활성 (k=2765, ma=2586, 거리 +6.9%)
    QoQ 패널티(D6): 102종목 (×0.7)
    계절성 패널티: 1종목 (ratio>1.4, ×0.3)
    SG6 활성 (k=2774, ma=2586, 거리 +7.3%)
    QoQ 패널티(D6): 99종목 (×0.7)
    계절성 패널티: 1종목 (ratio>1.4, ×0.3)
    SG6 활성 (k=2792, ma=2587, 거리 +7.9%)
    QoQ 패널티(D6): 99종목 (×0.7)
    SG6 활성 (k=2784, ma=2588, 거리 +7.6%)
    QoQ 패널티(D6): 96종목 (×0.7)
    계절성 패널티: 1종목 (ratio>1.4, ×0.3)
    SG6 활성 (k=2798, ma=2588, 거리 +8.1%)
    QoQ 패널티(D6): 95종목 (×0.7)
    SG6 활성 (k=2804, ma=2589, 거리 +8.3%)
    QoQ 패널티(D6): 94종목 (×0.7)
    SG6 활성 (k=2781, ma=2590, 거리 +7.4%)
    QoQ 패널티(D6): 90종목 (×0.7)
    SG6 활성 (k=2794, ma=2591, 거리 +7.8%)
    QoQ 패널티(D6): 90종목 (×0.7)
    SG6 활성 (k=2825, ma=2592, 거리 +9.0%)
    QoQ 패널티(D6): 90종목 (×0.7)
    SG6 활성 (k=2862, ma=2593, 거리 +10.4%)
    QoQ 패널티(D6): 89종목 (×0.7)
    SG6 활성 (k=2858, ma=2595, 거리 +10.1%)
    QoQ 패널티(D6): 96종목 (×0.7)
    SG6 활성 (k=2867, ma=2596, 거리 +10.5%)
    QoQ 패널티(D6): 92종목 (×0.7)
    계절성 패널티: 1종목 (ratio>1.4, ×0.3)
    SG6 활성 (k=2868, ma=2597, 거리 +10.4%)
    QoQ 패널티(D6): 98종목 (×0.7)
    계절성 패널티: 1종목 (ratio>1.4, ×0.3)
    SG6 활성 (k=2891, ma=2599, 거리 +11.3%)
    QoQ 패널티(D6): 93종목 (×0.7)
    계절성 패널티: 1종목 (ratio>1.4, ×0.3)
    SG6 활성 (k=2857, ma=2600, 거리 +9.9%)
    QoQ 패널티(D6): 85종목 (×0.7)
    계절성 패널티: 1종목 (ratio>1.4, ×0.3)
    SG6 활성 (k=2861, ma=2602, 거리 +10.0%)
    QoQ 패널티(D6): 89종목 (×0.7)
    계절성 패널티: 1종목 (ratio>1.4, ×0.3)
    SG6 활성 (k=2866, ma=2604, 거리 +10.1%)
    QoQ 패널티(D6): 83종목 (×0.7)
    SG6 활성 (k=2843, ma=2605, 거리 +9.1%)
    QoQ 패널티(D6): 74종목 (×0.7)
    계절성 패널티: 1종목 (ratio>1.4, ×0.3)
    SG6 활성 (k=2824, ma=2607, 거리 +8.4%)
    QoQ 패널티(D6): 77종목 (×0.7)
    계절성 패널티: 1종목 (ratio>1.4, ×0.3)
    SG6 활성 (k=2795, ma=2608, 거리 +7.2%)
    QoQ 패널티(D6): 76종목 (×0.7)
    계절성 패널티: 1종목 (ratio>1.4, ×0.3)
    계절성 패널티: 1종목 (ratio>1.4, ×0.3)
    SG6 활성 (k=2774, ma=2610, 거리 +6.3%)
    QoQ 패널티(D6): 75종목 (×0.7)
    계절성 패널티: 1종목 (ratio>1.4, ×0.3)
    계절성 패널티: 1종목 (ratio>1.4, ×0.3)
    계절성 패널티: 1종목 (ratio>1.4, ×0.3)
    계절성 패널티: 1종목 (ratio>1.4, ×0.3)
    계절성 패널티: 1종목 (ratio>1.4, ×0.3)
    SG6 활성 (k=2778, ma=2616, 거리 +6.2%)
    QoQ 패널티(D6): 70종목 (×0.7)
    계절성 패널티: 1종목 (ratio>1.4, ×0.3)
    계절성 패널티: 1종목 (ratio>1.4, ×0.3)
    계절성 패널티: 1종목 (ratio>1.4, ×0.3)
[550/1008] 20240823: 116종목, 1.1초 (~11분 남음)
    계절성 패널티: 1종목 (ratio>1.4, ×0.3)
    계절성 패널티: 1종목 (ratio>1.4, ×0.3)
[600/1008] 20241111: 100종목, 1.0초 (~10분 남음)
    계절성 패널티: 1종목 (ratio>1.4, ×0.3)
[650/1008] 20250123: 170종목, 1.5초 (~9분 남음)
    계절성 패널티: 1종목 (ratio>1.4, ×0.3)
    계절성 패널티: 1종목 (ratio>1.4, ×0.3)
[700/1008] 20250410: 107종목, 1.1초 (~7분 남음)
    SG6 활성 (k=2771, ma=2578, 거리 +7.5%)
    QoQ 패널티(D6): 84종목 (×0.7)
    SG6 활성 (k=2812, ma=2577, 거리 +9.1%)
    QoQ 패널티(D6): 92종목 (×0.7)
    SG6 활성 (k=2856, ma=2577, 거리 +10.8%)
    QoQ 패널티(D6): 97종목 (×0.7)
    SG6 활성 (k=2872, ma=2577, 거리 +11.4%)
    QoQ 패널티(D6): 95종목 (×0.7)
    SG6 활성 (k=2907, ma=2578, 거리 +12.8%)
    QoQ 패널티(D6): 102종목 (×0.7)
    SG6 활성 (k=2920, ma=2578, 거리 +13.3%)
    QoQ 패널티(D6): 100종목 (×0.7)
    SG6 활성 (k=2895, ma=2578, 거리 +12.3%)
    QoQ 패널티(D6): 101종목 (×0.7)
    SG6 활성 (k=2947, ma=2578, 거리 +14.3%)
    QoQ 패널티(D6): 107종목 (×0.7)
    SG6 활성 (k=2950, ma=2579, 거리 +14.4%)
    QoQ 패널티(D6): 113종목 (×0.7)
    SG6 활성 (k=2972, ma=2579, 거리 +15.2%)
    QoQ 패널티(D6): 117종목 (×0.7)
    SG6 활성 (k=2978, ma=2580, 거리 +15.4%)
    QoQ 패널티(D6): 116종목 (×0.7)
    SG6 활성 (k=3022, ma=2581, 거리 +17.1%)
    QoQ 패널티(D6): 122종목 (×0.7)
    SG6 활성 (k=3014, ma=2582, 거리 +16.7%)
    QoQ 패널티(D6): 121종목 (×0.7)
    SG6 활성 (k=3104, ma=2584, 거리 +20.1%)
    QoQ 패널티(D6): 126종목 (×0.7)
    SG6 활성 (k=3108, ma=2585, 거리 +20.2%)
    QoQ 패널티(D6): 132종목 (×0.7)
    SG6 활성 (k=3080, ma=2587, 거리 +19.0%)
    QoQ 패널티(D6): 129종목 (×0.7)
[750/1008] 20250626: 264종목, 2.0초 (~6분 남음)
    SG6 활성 (k=3056, ma=2588, 거리 +18.1%)
    QoQ 패널티(D6): 130종목 (×0.7)
    SG6 활성 (k=3072, ma=2590, 거리 +18.6%)
    QoQ 패널티(D6): 121종목 (×0.7)
    SG6 활성 (k=3090, ma=2591, 거리 +19.2%)
    QoQ 패널티(D6): 129종목 (×0.7)
    SG6 활성 (k=3075, ma=2593, 거리 +18.6%)
    QoQ 패널티(D6): 133종목 (×0.7)
    SG6 활성 (k=3116, ma=2594, 거리 +20.1%)
    QoQ 패널티(D6): 133종목 (×0.7)
    SG6 활성 (k=3054, ma=2596, 거리 +17.7%)
    QoQ 패널티(D6): 130종목 (×0.7)
    SG6 활성 (k=3059, ma=2599, 거리 +17.7%)
    QoQ 패널티(D6): 124종목 (×0.7)
    SG6 활성 (k=3115, ma=2602, 거리 +19.7%)
    QoQ 패널티(D6): 124종목 (×0.7)
    SG6 활성 (k=3134, ma=2604, 거리 +20.3%)
    QoQ 패널티(D6): 123종목 (×0.7)
    SG6 활성 (k=3183, ma=2607, 거리 +22.1%)
    QoQ 패널티(D6): 123종목 (×0.7)
    SG6 활성 (k=3176, ma=2610, 거리 +21.7%)
    QoQ 패널티(D6): 123종목 (×0.7)
    SG6 활성 (k=3202, ma=2612, 거리 +22.6%)
    QoQ 패널티(D6): 121종목 (×0.7)
    SG6 활성 (k=3215, ma=2615, 거리 +23.0%)
    QoQ 패널티(D6): 124종목 (×0.7)
    SG6 활성 (k=3186, ma=2617, 거리 +21.7%)
    QoQ 패널티(D6): 121종목 (×0.7)
    SG6 활성 (k=3192, ma=2620, 거리 +21.9%)
    QoQ 패널티(D6): 128종목 (×0.7)
    SG6 활성 (k=3188, ma=2622, 거리 +21.6%)
    QoQ 패널티(D6): 126종목 (×0.7)
    SG6 활성 (k=3211, ma=2624, 거리 +22.3%)
    QoQ 패널티(D6): 123종목 (×0.7)
    SG6 활성 (k=3170, ma=2626, 거리 +20.7%)
    QoQ 패널티(D6): 114종목 (×0.7)
    SG6 활성 (k=3184, ma=2629, 거리 +21.1%)
    QoQ 패널티(D6): 114종목 (×0.7)
    SG6 활성 (k=3190, ma=2631, 거리 +21.3%)
    QoQ 패널티(D6): 113종목 (×0.7)
    SG6 활성 (k=3196, ma=2633, 거리 +21.4%)
    QoQ 패널티(D6): 114종목 (×0.7)
    SG6 활성 (k=3210, ma=2635, 거리 +21.8%)
    QoQ 패널티(D6): 119종목 (×0.7)
    SG6 활성 (k=3231, ma=2638, 거리 +22.5%)
    QoQ 패널티(D6): 119종목 (×0.7)
    SG6 활성 (k=3254, ma=2641, 거리 +23.2%)
    QoQ 패널티(D6): 121종목 (×0.7)
    SG6 활성 (k=3245, ma=2643, 거리 +22.8%)
    QoQ 패널티(D6): 122종목 (×0.7)
    SG6 활성 (k=3119, ma=2645, 거리 +17.9%)
    QoQ 패널티(D6): 108종목 (×0.7)
    SG6 활성 (k=3148, ma=2647, 거리 +18.9%)
    QoQ 패널티(D6): 112종목 (×0.7)
    SG6 활성 (k=3198, ma=2650, 거리 +20.7%)
    QoQ 패널티(D6): 116종목 (×0.7)
    SG6 활성 (k=3198, ma=2653, 거리 +20.5%)
    QoQ 패널티(D6): 115종목 (×0.7)
    SG6 활성 (k=3228, ma=2656, 거리 +21.5%)
    QoQ 패널티(D6): 120종목 (×0.7)
    SG6 활성 (k=3210, ma=2659, 거리 +20.7%)
    QoQ 패널티(D6): 124종목 (×0.7)
    SG6 활성 (k=3207, ma=2662, 거리 +20.4%)
    QoQ 패널티(D6): 122종목 (×0.7)
    SG6 활성 (k=3190, ma=2665, 거리 +19.7%)
    QoQ 패널티(D6): 122종목 (×0.7)
    SG6 활성 (k=3224, ma=2668, 거리 +20.8%)
    QoQ 패널티(D6): 124종목 (×0.7)
    계절성 패널티: 1종목 (ratio>1.4, ×0.3)
    SG6 활성 (k=3226, ma=2671, 거리 +20.8%)
    QoQ 패널티(D6): 131종목 (×0.7)
    계절성 패널티: 1종목 (ratio>1.4, ×0.3)
    SG6 활성 (k=3177, ma=2674, 거리 +18.8%)
    QoQ 패널티(D6): 122종목 (×0.7)
    계절성 패널티: 1종목 (ratio>1.4, ×0.3)
    SG6 활성 (k=3152, ma=2677, 거리 +17.7%)
    QoQ 패널티(D6): 123종목 (×0.7)
    계절성 패널티: 2종목 (ratio>1.4, ×0.3)
    SG6 활성 (k=3130, ma=2679, 거리 +16.8%)
    QoQ 패널티(D6): 115종목 (×0.7)
    계절성 패널티: 2종목 (ratio>1.4, ×0.3)
    SG6 활성 (k=3142, ma=2681, 거리 +17.2%)
    QoQ 패널티(D6): 113종목 (×0.7)
    계절성 패널티: 2종목 (ratio>1.4, ×0.3)
    SG6 활성 (k=3169, ma=2684, 거리 +18.1%)
    QoQ 패널티(D6): 113종목 (×0.7)
    계절성 패널티: 2종목 (ratio>1.4, ×0.3)
    SG6 활성 (k=3210, ma=2686, 거리 +19.5%)
    QoQ 패널티(D6): 120종목 (×0.7)
    계절성 패널티: 1종목 (ratio>1.4, ×0.3)
    SG6 활성 (k=3179, ma=2689, 거리 +18.2%)
    QoQ 패널티(D6): 120종목 (×0.7)
    계절성 패널티: 1종목 (ratio>1.4, ×0.3)
    SG6 활성 (k=3187, ma=2691, 거리 +18.4%)
    QoQ 패널티(D6): 121종목 (×0.7)
    계절성 패널티: 1종목 (ratio>1.4, ×0.3)
    SG6 활성 (k=3196, ma=2694, 거리 +18.6%)
    QoQ 패널티(D6): 114종목 (×0.7)
    계절성 패널티: 1종목 (ratio>1.4, ×0.3)
    SG6 활성 (k=3186, ma=2697, 거리 +18.1%)
    QoQ 패널티(D6): 112종목 (×0.7)
    계절성 패널티: 1종목 (ratio>1.4, ×0.3)
    SG6 활성 (k=3143, ma=2700, 거리 +16.4%)
    QoQ 패널티(D6): 109종목 (×0.7)
    계절성 패널티: 1종목 (ratio>1.4, ×0.3)
    SG6 활성 (k=3172, ma=2702, 거리 +17.4%)
    QoQ 패널티(D6): 110종목 (×0.7)
    계절성 패널티: 1종목 (ratio>1.4, ×0.3)
    SG6 활성 (k=3184, ma=2705, 거리 +17.7%)
    QoQ 패널티(D6): 110종목 (×0.7)
    계절성 패널티: 1종목 (ratio>1.4, ×0.3)
    SG6 활성 (k=3201, ma=2708, 거리 +18.2%)
    QoQ 패널티(D6): 110종목 (×0.7)
    계절성 패널티: 1종목 (ratio>1.4, ×0.3)
    SG6 활성 (k=3205, ma=2710, 거리 +18.3%)
    QoQ 패널티(D6): 109종목 (×0.7)
[800/1008] 20250905: 194종목, 2.3초 (~5분 남음)
    계절성 패널티: 1종목 (ratio>1.4, ×0.3)
    SG6 활성 (k=3220, ma=2713, 거리 +18.7%)
    QoQ 패널티(D6): 115종목 (×0.7)
    계절성 패널티: 1종목 (ratio>1.4, ×0.3)
    SG6 활성 (k=3260, ma=2716, 거리 +20.0%)
    QoQ 패널티(D6): 119종목 (×0.7)
    계절성 패널티: 1종목 (ratio>1.4, ×0.3)
    SG6 활성 (k=3315, ma=2719, 거리 +21.9%)
    QoQ 패널티(D6): 113종목 (×0.7)
    계절성 패널티: 1종목 (ratio>1.4, ×0.3)
    SG6 활성 (k=3344, ma=2722, 거리 +22.8%)
    QoQ 패널티(D6): 118종목 (×0.7)
    계절성 패널티: 1종목 (ratio>1.4, ×0.3)
    SG6 활성 (k=3396, ma=2726, 거리 +24.6%)
    QoQ 패널티(D6): 127종목 (×0.7)
    계절성 패널티: 1종목 (ratio>1.4, ×0.3)
    SG6 활성 (k=3407, ma=2730, 거리 +24.8%)
    QoQ 패널티(D6): 128종목 (×0.7)
    계절성 패널티: 1종목 (ratio>1.4, ×0.3)
    SG6 활성 (k=3450, ma=2734, 거리 +26.2%)
    QoQ 패널티(D6): 130종목 (×0.7)
    계절성 패널티: 1종목 (ratio>1.4, ×0.3)
    SG6 활성 (k=3413, ma=2738, 거리 +24.7%)
    QoQ 패널티(D6): 130종목 (×0.7)
    계절성 패널티: 1종목 (ratio>1.4, ×0.3)
    SG6 활성 (k=3461, ma=2742, 거리 +26.3%)
    QoQ 패널티(D6): 143종목 (×0.7)
    계절성 패널티: 1종목 (ratio>1.4, ×0.3)
    SG6 활성 (k=3445, ma=2745, 거리 +25.5%)
    QoQ 패널티(D6): 137종목 (×0.7)
    계절성 패널티: 1종목 (ratio>1.4, ×0.3)
    SG6 활성 (k=3469, ma=2749, 거리 +26.2%)
    QoQ 패널티(D6): 142종목 (×0.7)
    계절성 패널티: 1종목 (ratio>1.4, ×0.3)
    SG6 활성 (k=3486, ma=2753, 거리 +26.6%)
    QoQ 패널티(D6): 144종목 (×0.7)
    계절성 패널티: 1종목 (ratio>1.4, ×0.3)
    SG6 활성 (k=3472, ma=2757, 거리 +25.9%)
    QoQ 패널티(D6): 140종목 (×0.7)
    계절성 패널티: 1종목 (ratio>1.4, ×0.3)
    SG6 활성 (k=3471, ma=2762, 거리 +25.7%)
    QoQ 패널티(D6): 137종목 (×0.7)
    계절성 패널티: 1종목 (ratio>1.4, ×0.3)
    SG6 활성 (k=3386, ma=2765, 거리 +22.5%)
    QoQ 패널티(D6): 130종목 (×0.7)
    계절성 패널티: 1종목 (ratio>1.4, ×0.3)
    SG6 활성 (k=3431, ma=2769, 거리 +23.9%)
    QoQ 패널티(D6): 131종목 (×0.7)
    계절성 패널티: 1종목 (ratio>1.4, ×0.3)
    SG6 활성 (k=3425, ma=2773, 거리 +23.5%)
    QoQ 패널티(D6): 123종목 (×0.7)
    계절성 패널티: 2종목 (ratio>1.4, ×0.3)
    SG6 활성 (k=3456, ma=2777, 거리 +24.4%)
    QoQ 패널티(D6): 124종목 (×0.7)
    계절성 패널티: 2종목 (ratio>1.4, ×0.3)
    SG6 활성 (k=3549, ma=2782, 거리 +27.6%)
    QoQ 패널티(D6): 127종목 (×0.7)
    계절성 패널티: 2종목 (ratio>1.4, ×0.3)
    SG6 활성 (k=3611, ma=2786, 거리 +29.6%)
    QoQ 패널티(D6): 129종목 (×0.7)
    계절성 패널티: 2종목 (ratio>1.4, ×0.3)
    SG6 활성 (k=3585, ma=2791, 거리 +28.4%)
    QoQ 패널티(D6): 130종목 (×0.7)
    계절성 패널티: 3종목 (ratio>1.4, ×0.3)
    SG6 활성 (k=3562, ma=2797, 거리 +27.4%)
    QoQ 패널티(D6): 130종목 (×0.7)
    계절성 패널티: 3종목 (ratio>1.4, ×0.3)
    SG6 활성 (k=3657, ma=2802, 거리 +30.5%)
    QoQ 패널티(D6): 135종목 (×0.7)
    계절성 패널티: 3종목 (ratio>1.4, ×0.3)
    SG6 활성 (k=3748, ma=2808, 거리 +33.5%)
    QoQ 패널티(D6): 137종목 (×0.7)
    계절성 패널티: 2종목 (ratio>1.4, ×0.3)
    SG6 활성 (k=3749, ma=2814, 거리 +33.2%)
    QoQ 패널티(D6): 132종목 (×0.7)
    계절성 패널티: 2종목 (ratio>1.4, ×0.3)
    SG6 활성 (k=3815, ma=2820, 거리 +35.3%)
    QoQ 패널티(D6): 136종목 (×0.7)
    계절성 패널티: 1종목 (ratio>1.4, ×0.3)
    SG6 활성 (k=3824, ma=2826, 거리 +35.3%)
    QoQ 패널티(D6): 137종목 (×0.7)
    계절성 패널티: 1종목 (ratio>1.4, ×0.3)
    SG6 활성 (k=3884, ma=2833, 거리 +37.1%)
    QoQ 패널티(D6): 142종목 (×0.7)
    계절성 패널티: 1종목 (ratio>1.4, ×0.3)
    SG6 활성 (k=3846, ma=2839, 거리 +35.5%)
    QoQ 패널티(D6): 138종목 (×0.7)
    계절성 패널티: 1종목 (ratio>1.4, ×0.3)
    SG6 활성 (k=3942, ma=2845, 거리 +38.5%)
    QoQ 패널티(D6): 141종목 (×0.7)
    계절성 패널티: 1종목 (ratio>1.4, ×0.3)
    SG6 활성 (k=4043, ma=2852, 거리 +41.7%)
    QoQ 패널티(D6): 143종목 (×0.7)
    계절성 패널티: 1종목 (ratio>1.4, ×0.3)
    SG6 활성 (k=4010, ma=2859, 거리 +40.3%)
    QoQ 패널티(D6): 140종목 (×0.7)
    계절성 패널티: 1종목 (ratio>1.4, ×0.3)
    SG6 활성 (k=4081, ma=2866, 거리 +42.4%)
    QoQ 패널티(D6): 136종목 (×0.7)
    계절성 패널티: 1종목 (ratio>1.4, ×0.3)
    SG6 활성 (k=4087, ma=2874, 거리 +42.2%)
    QoQ 패널티(D6): 137종목 (×0.7)
    계절성 패널티: 1종목 (ratio>1.4, ×0.3)
    SG6 활성 (k=4108, ma=2881, 거리 +42.6%)
    QoQ 패널티(D6): 135종목 (×0.7)
    계절성 패널티: 1종목 (ratio>1.4, ×0.3)
    SG6 활성 (k=4222, ma=2889, 거리 +46.1%)
    QoQ 패널티(D6): 129종목 (×0.7)
    계절성 패널티: 1종목 (ratio>1.4, ×0.3)
    SG6 활성 (k=4122, ma=2896, 거리 +42.3%)
    QoQ 패널티(D6): 130종목 (×0.7)
    계절성 패널티: 1종목 (ratio>1.4, ×0.3)
    SG6 활성 (k=4004, ma=2904, 거리 +37.9%)
    QoQ 패널티(D6): 125종목 (×0.7)
    계절성 패널티: 1종목 (ratio>1.4, ×0.3)
    SG6 활성 (k=4026, ma=2911, 거리 +38.3%)
    QoQ 패널티(D6): 127종목 (×0.7)
    SG6 활성 (k=3954, ma=2918, 거리 +35.5%)
    QoQ 패널티(D6): 114종목 (×0.7)
    SG6 활성 (k=4073, ma=2926, 거리 +39.2%)
    QoQ 패널티(D6): 120종목 (×0.7)
    SG6 활성 (k=4106, ma=2933, 거리 +40.0%)
    QoQ 패널티(D6): 123종목 (×0.7)
    SG6 활성 (k=4150, ma=2941, 거리 +41.1%)
    QoQ 패널티(D6): 126종목 (×0.7)
    SG6 활성 (k=4171, ma=2948, 거리 +41.5%)
    QoQ 패널티(D6): 130종목 (×0.7)
    SG6 활성 (k=4012, ma=2955, 거리 +35.7%)
    QoQ 패널티(D6): 122종목 (×0.7)
    SG6 활성 (k=4089, ma=2963, 거리 +38.0%)
    QoQ 패널티(D6): 125종목 (×0.7)
    SG6 활성 (k=3954, ma=2969, 거리 +33.1%)
    QoQ 패널티(D6): 105종목 (×0.7)
    SG6 활성 (k=3930, ma=2976, 거리 +32.0%)
    QoQ 패널티(D6): 104종목 (×0.7)
    SG6 활성 (k=4005, ma=2983, 거리 +34.2%)
    QoQ 패널티(D6): 119종목 (×0.7)
    SG6 활성 (k=3853, ma=2990, 거리 +28.9%)
    QoQ 패널티(D6): 96종목 (×0.7)
[850/1008] 20251121: 171종목, 1.6초 (~4분 남음)
    SG6 활성 (k=3846, ma=2996, 거리 +28.4%)
    QoQ 패널티(D6): 92종목 (×0.7)
    SG6 활성 (k=3858, ma=3003, 거리 +28.5%)
    QoQ 패널티(D6): 98종목 (×0.7)
    SG6 활성 (k=3961, ma=3010, 거리 +31.6%)
    QoQ 패널티(D6): 110종목 (×0.7)
    SG6 활성 (k=3987, ma=3017, 거리 +32.1%)
    QoQ 패널티(D6): 107종목 (×0.7)
    SG6 활성 (k=3927, ma=3024, 거리 +29.8%)
    QoQ 패널티(D6): 120종목 (×0.7)
    SG6 활성 (k=3920, ma=3031, 거리 +29.4%)
    QoQ 패널티(D6): 120종목 (×0.7)
    SG6 활성 (k=3995, ma=3038, 거리 +31.5%)
    QoQ 패널티(D6): 125종목 (×0.7)
    SG6 활성 (k=4036, ma=3045, 거리 +32.6%)
    QoQ 패널티(D6): 130종목 (×0.7)
    SG6 활성 (k=4029, ma=3051, 거리 +32.0%)
    QoQ 패널티(D6): 127종목 (×0.7)
    SG6 활성 (k=4100, ma=3059, 거리 +34.0%)
    QoQ 패널티(D6): 127종목 (×0.7)
    SG6 활성 (k=4155, ma=3066, 거리 +35.5%)
    QoQ 패널티(D6): 125종목 (×0.7)
    SG6 활성 (k=4144, ma=3074, 거리 +34.8%)
    QoQ 패널티(D6): 125종목 (×0.7)
    SG6 활성 (k=4135, ma=3081, 거리 +34.2%)
    QoQ 패널티(D6): 116종목 (×0.7)
    SG6 활성 (k=4111, ma=3088, 거리 +33.1%)
    QoQ 패널티(D6): 121종목 (×0.7)
    SG6 활성 (k=4167, ma=3096, 거리 +34.6%)
    QoQ 패널티(D6): 130종목 (×0.7)
    SG6 활성 (k=4091, ma=3103, 거리 +31.8%)
    QoQ 패널티(D6): 125종목 (×0.7)
    SG6 활성 (k=3999, ma=3110, 거리 +28.6%)
    QoQ 패널티(D6): 120종목 (×0.7)
    SG6 활성 (k=4056, ma=3117, 거리 +30.2%)
    QoQ 패널티(D6): 119종목 (×0.7)
    SG6 활성 (k=3995, ma=3123, 거리 +27.9%)
    QoQ 패널티(D6): 111종목 (×0.7)
    SG6 활성 (k=4021, ma=3130, 거리 +28.4%)
    QoQ 패널티(D6): 120종목 (×0.7)
    SG6 활성 (k=4106, ma=3137, 거리 +30.9%)
    QoQ 패널티(D6): 131종목 (×0.7)
    SG6 활성 (k=4117, ma=3144, 거리 +30.9%)
    QoQ 패널티(D6): 123종목 (×0.7)
    SG6 활성 (k=4109, ma=3152, 거리 +30.3%)
    QoQ 패널티(D6): 121종목 (×0.7)
    SG6 활성 (k=4130, ma=3159, 거리 +30.7%)
    QoQ 패널티(D6): 111종목 (×0.7)
    SG6 활성 (k=4221, ma=3167, 거리 +33.3%)
    QoQ 패널티(D6): 112종목 (×0.7)
    SG6 활성 (k=4214, ma=3175, 거리 +32.7%)
    QoQ 패널티(D6): 114종목 (×0.7)
    SG6 활성 (k=4310, ma=3183, 거리 +35.4%)
    QoQ 패널티(D6): 115종목 (×0.7)
    SG6 활성 (k=4458, ma=3192, 거리 +39.7%)
    QoQ 패널티(D6): 118종목 (×0.7)
    SG6 활성 (k=4525, ma=3201, 거리 +41.4%)
    QoQ 패널티(D6): 118종목 (×0.7)
    SG6 활성 (k=4551, ma=3210, 거리 +41.8%)
    QoQ 패널티(D6): 122종목 (×0.7)
    SG6 활성 (k=4552, ma=3219, 거리 +41.4%)
    QoQ 패널티(D6): 119종목 (×0.7)
    SG6 활성 (k=4586, ma=3228, 거리 +42.1%)
    QoQ 패널티(D6): 121종목 (×0.7)
    계절성 패널티: 1종목 (ratio>1.4, ×0.3)
    SG6 활성 (k=4625, ma=3237, 거리 +42.9%)
    QoQ 패널티(D6): 128종목 (×0.7)
    계절성 패널티: 1종목 (ratio>1.4, ×0.3)
    SG6 활성 (k=4693, ma=3247, 거리 +44.5%)
    QoQ 패널티(D6): 126종목 (×0.7)
    계절성 패널티: 1종목 (ratio>1.4, ×0.3)
    SG6 활성 (k=4723, ma=3256, 거리 +45.1%)
    QoQ 패널티(D6): 129종목 (×0.7)
    SG6 활성 (k=4798, ma=3266, 거리 +46.9%)
    QoQ 패널티(D6): 137종목 (×0.7)
    계절성 패널티: 1종목 (ratio>1.4, ×0.3)
    SG6 활성 (k=4841, ma=3276, 거리 +47.8%)
    QoQ 패널티(D6): 136종목 (×0.7)
    계절성 패널티: 1종목 (ratio>1.4, ×0.3)
    SG6 활성 (k=4905, ma=3286, 거리 +49.3%)
    QoQ 패널티(D6): 145종목 (×0.7)
    계절성 패널티: 1종목 (ratio>1.4, ×0.3)
    SG6 활성 (k=4886, ma=3296, 거리 +48.2%)
    QoQ 패널티(D6): 154종목 (×0.7)
    계절성 패널티: 1종목 (ratio>1.4, ×0.3)
    SG6 활성 (k=4910, ma=3306, 거리 +48.5%)
    QoQ 패널티(D6): 152종목 (×0.7)
    계절성 패널티: 1종목 (ratio>1.4, ×0.3)
    SG6 활성 (k=4953, ma=3317, 거리 +49.3%)
    QoQ 패널티(D6): 166종목 (×0.7)
    계절성 패널티: 1종목 (ratio>1.4, ×0.3)
    SG6 활성 (k=4990, ma=3328, 거리 +49.9%)
    QoQ 패널티(D6): 174종목 (×0.7)
    계절성 패널티: 1종목 (ratio>1.4, ×0.3)
    SG6 활성 (k=4950, ma=3339, 거리 +48.2%)
    QoQ 패널티(D6): 182종목 (×0.7)
    계절성 패널티: 1종목 (ratio>1.4, ×0.3)
    SG6 활성 (k=5085, ma=3351, 거리 +51.8%)
    QoQ 패널티(D6): 185종목 (×0.7)
    계절성 패널티: 1종목 (ratio>1.4, ×0.3)
    SG6 활성 (k=5171, ma=3362, 거리 +53.8%)
    QoQ 패널티(D6): 188종목 (×0.7)
    계절성 패널티: 1종목 (ratio>1.4, ×0.3)
    SG6 활성 (k=5221, ma=3374, 거리 +54.7%)
    QoQ 패널티(D6): 198종목 (×0.7)
    계절성 패널티: 1종목 (ratio>1.4, ×0.3)
    SG6 활성 (k=5224, ma=3387, 거리 +54.3%)
    QoQ 패널티(D6): 189종목 (×0.7)
    계절성 패널티: 2종목 (ratio>1.4, ×0.3)
    SG6 활성 (k=4950, ma=3398, 거리 +45.7%)
    QoQ 패널티(D6): 187종목 (×0.7)
    계절성 패널티: 2종목 (ratio>1.4, ×0.3)
    SG6 활성 (k=5288, ma=3410, 거리 +55.1%)
    QoQ 패널티(D6): 200종목 (×0.7)
    계절성 패널티: 2종목 (ratio>1.4, ×0.3)
    SG6 활성 (k=5371, ma=3423, 거리 +56.9%)
    QoQ 패널티(D6): 215종목 (×0.7)
[900/1008] 20260204: 335종목, 2.4초 (~3분 남음)
    계절성 패널티: 2종목 (ratio>1.4, ×0.3)
    SG6 활성 (k=5164, ma=3434, 거리 +50.3%)
    QoQ 패널티(D6): 206종목 (×0.7)
    계절성 패널티: 2종목 (ratio>1.4, ×0.3)
    SG6 활성 (k=5089, ma=3446, 거리 +47.7%)
    QoQ 패널티(D6): 199종목 (×0.7)
    계절성 패널티: 2종목 (ratio>1.4, ×0.3)
    SG6 활성 (k=5298, ma=3458, 거리 +53.2%)
    QoQ 패널티(D6): 226종목 (×0.7)
    계절성 패널티: 2종목 (ratio>1.4, ×0.3)
    SG6 활성 (k=5302, ma=3470, 거리 +52.8%)
    QoQ 패널티(D6): 222종목 (×0.7)
    계절성 패널티: 2종목 (ratio>1.4, ×0.3)
    SG6 활성 (k=5354, ma=3482, 거리 +53.8%)
    QoQ 패널티(D6): 222종목 (×0.7)
    계절성 패널티: 3종목 (ratio>1.4, ×0.3)
    SG6 활성 (k=5522, ma=3495, 거리 +58.0%)
    QoQ 패널티(D6): 227종목 (×0.7)
    계절성 패널티: 3종목 (ratio>1.4, ×0.3)
    SG6 활성 (k=5507, ma=3509, 거리 +57.0%)
    QoQ 패널티(D6): 223종목 (×0.7)
    계절성 패널티: 3종목 (ratio>1.4, ×0.3)
    SG6 활성 (k=5677, ma=3522, 거리 +61.2%)
    QoQ 패널티(D6): 237종목 (×0.7)
    계절성 패널티: 3종목 (ratio>1.4, ×0.3)
    SG6 활성 (k=5809, ma=3537, 거리 +64.2%)
    QoQ 패널티(D6): 242종목 (×0.7)
    계절성 패널티: 3종목 (ratio>1.4, ×0.3)
    SG6 활성 (k=5846, ma=3552, 거리 +64.6%)
    QoQ 패널티(D6): 246종목 (×0.7)
    계절성 패널티: 2종목 (ratio>1.4, ×0.3)
    SG6 활성 (k=5970, ma=3567, 거리 +67.4%)
    QoQ 패널티(D6): 251종목 (×0.7)
    계절성 패널티: 2종목 (ratio>1.4, ×0.3)
    SG6 활성 (k=6084, ma=3583, 거리 +69.8%)
    QoQ 패널티(D6): 252종목 (×0.7)
    계절성 패널티: 1종목 (ratio>1.4, ×0.3)
    SG6 활성 (k=6307, ma=3601, 거리 +75.2%)
    QoQ 패널티(D6): 248종목 (×0.7)
    계절성 패널티: 2종목 (ratio>1.4, ×0.3)
    SG6 활성 (k=6244, ma=3618, 거리 +72.6%)
    QoQ 패널티(D6): 253종목 (×0.7)
    계절성 패널티: 1종목 (ratio>1.4, ×0.3)
    SG6 활성 (k=5792, ma=3633, 거리 +59.4%)
    QoQ 패널티(D6): 226종목 (×0.7)
    계절성 패널티: 1종목 (ratio>1.4, ×0.3)
    SG6 활성 (k=5094, ma=3645, 거리 +39.8%)
    QoQ 패널티(D6): 132종목 (×0.7)
    계절성 패널티: 1종목 (ratio>1.4, ×0.3)
    SG6 활성 (k=5584, ma=3659, 거리 +52.6%)
    QoQ 패널티(D6): 200종목 (×0.7)
    계절성 패널티: 1종목 (ratio>1.4, ×0.3)
    SG6 활성 (k=5585, ma=3674, 거리 +52.0%)
    QoQ 패널티(D6): 211종목 (×0.7)
    계절성 패널티: 1종목 (ratio>1.4, ×0.3)
    SG6 활성 (k=5252, ma=3688, 거리 +42.4%)
    QoQ 패널티(D6): 184종목 (×0.7)
    계절성 패널티: 1종목 (ratio>1.4, ×0.3)
    SG6 활성 (k=5533, ma=3702, 거리 +49.5%)
    QoQ 패널티(D6): 203종목 (×0.7)
    계절성 패널티: 1종목 (ratio>1.4, ×0.3)
    SG6 활성 (k=5610, ma=3716, 거리 +51.0%)
    QoQ 패널티(D6): 211종목 (×0.7)
    계절성 패널티: 1종목 (ratio>1.4, ×0.3)
    SG6 활성 (k=5583, ma=3730, 거리 +49.7%)
    QoQ 패널티(D6): 204종목 (×0.7)
    계절성 패널티: 1종목 (ratio>1.4, ×0.3)
    SG6 활성 (k=5487, ma=3744, 거리 +46.6%)
    QoQ 패널티(D6): 206종목 (×0.7)
    계절성 패널티: 3종목 (ratio>1.4, ×0.3)
    SG6 활성 (k=5550, ma=3758, 거리 +47.7%)
    QoQ 패널티(D6): 192종목 (×0.7)
    계절성 패널티: 3종목 (ratio>1.4, ×0.3)
    SG6 활성 (k=5640, ma=3772, 거리 +49.5%)
    QoQ 패널티(D6): 198종목 (×0.7)
    계절성 패널티: 3종목 (ratio>1.4, ×0.3)
    SG6 활성 (k=5925, ma=3788, 거리 +56.4%)
    QoQ 패널티(D6): 214종목 (×0.7)
    계절성 패널티: 3종목 (ratio>1.4, ×0.3)
    SG6 활성 (k=5763, ma=3803, 거리 +51.5%)
    QoQ 패널티(D6): 203종목 (×0.7)
    계절성 패널티: 4종목 (ratio>1.4, ×0.3)
    SG6 활성 (k=5781, ma=3818, 거리 +51.4%)
    QoQ 패널티(D6): 209종목 (×0.7)
    계절성 패널티: 4종목 (ratio>1.4, ×0.3)
    SG6 활성 (k=5406, ma=3831, 거리 +41.1%)
    QoQ 패널티(D6): 186종목 (×0.7)
    계절성 패널티: 4종목 (ratio>1.4, ×0.3)
    SG6 활성 (k=5554, ma=3845, 거리 +44.5%)
    QoQ 패널티(D6): 194종목 (×0.7)
    계절성 패널티: 4종목 (ratio>1.4, ×0.3)
    SG6 활성 (k=5642, ma=3859, 거리 +46.2%)
    QoQ 패널티(D6): 208종목 (×0.7)
    계절성 패널티: 4종목 (ratio>1.4, ×0.3)
    SG6 활성 (k=5460, ma=3872, 거리 +41.0%)
    QoQ 패널티(D6): 196종목 (×0.7)
    계절성 패널티: 4종목 (ratio>1.4, ×0.3)
    SG6 활성 (k=5439, ma=3885, 거리 +40.0%)
    QoQ 패널티(D6): 192종목 (×0.7)
    계절성 패널티: 4종목 (ratio>1.4, ×0.3)
    SG6 활성 (k=5277, ma=3898, 거리 +35.4%)
    QoQ 패널티(D6): 170종목 (×0.7)
    계절성 패널티: 4종목 (ratio>1.4, ×0.3)
    SG6 활성 (k=5052, ma=3909, 거리 +29.3%)
    QoQ 패널티(D6): 157종목 (×0.7)
    계절성 패널티: 4종목 (ratio>1.4, ×0.3)
    SG6 활성 (k=5479, ma=3922, 거리 +39.7%)
    QoQ 패널티(D6): 171종목 (×0.7)
    계절성 패널티: 4종목 (ratio>1.4, ×0.3)
    SG6 활성 (k=5234, ma=3934, 거리 +33.0%)
    QoQ 패널티(D6): 153종목 (×0.7)
    계절성 패널티: 4종목 (ratio>1.4, ×0.3)
    SG6 활성 (k=5377, ma=3947, 거리 +36.2%)
    QoQ 패널티(D6): 161종목 (×0.7)
[939/1008] 20260404: FAIL — MA120 filter: 0 passed (0.1초)
[940/1008] 20260405: FAIL — MA120 filter: 0 passed (0.1초)
    계절성 패널티: 4종목 (ratio>1.4, ×0.3)
    SG6 활성 (k=5450, ma=3960, 거리 +37.6%)
    QoQ 패널티(D6): 156종목 (×0.7)
    계절성 패널티: 4종목 (ratio>1.4, ×0.3)
    SG6 활성 (k=5495, ma=3973, 거리 +38.3%)
    QoQ 패널티(D6): 146종목 (×0.7)
    계절성 패널티: 4종목 (ratio>1.4, ×0.3)
    SG6 활성 (k=5872, ma=3988, 거리 +47.3%)
    QoQ 패널티(D6): 169종목 (×0.7)
    계절성 패널티: 4종목 (ratio>1.4, ×0.3)
    SG6 활성 (k=5778, ma=4002, 거리 +44.4%)
    QoQ 패널티(D6): 168종목 (×0.7)
    계절성 패널티: 4종목 (ratio>1.4, ×0.3)
    SG6 활성 (k=5859, ma=4017, 거리 +45.9%)
    QoQ 패널티(D6): 183종목 (×0.7)
[946/1008] 20260411: FAIL — MA120 filter: 0 passed (0.1초)
[947/1008] 20260412: FAIL — MA120 filter: 0 passed (0.1초)
    계절성 패널티: 4종목 (ratio>1.4, ×0.3)
    SG6 활성 (k=5809, ma=4031, 거리 +44.1%)
    QoQ 패널티(D6): 186종목 (×0.7)
    계절성 패널티: 4종목 (ratio>1.4, ×0.3)
    SG6 활성 (k=5968, ma=4047, 거리 +47.5%)
    QoQ 패널티(D6): 194종목 (×0.7)
    계절성 패널티: 4종목 (ratio>1.4, ×0.3)
    SG6 활성 (k=6091, ma=4062, 거리 +49.9%)
    QoQ 패널티(D6): 196종목 (×0.7)
[950/1008] 20260415: 315종목, 1.9초 (~2분 남음)
    계절성 패널티: 5종목 (ratio>1.4, ×0.3)
    SG6 활성 (k=6226, ma=4079, 거리 +52.6%)
    QoQ 패널티(D6): 215종목 (×0.7)
    계절성 패널티: 5종목 (ratio>1.4, ×0.3)
    SG6 활성 (k=6192, ma=4095, 거리 +51.2%)
    QoQ 패널티(D6): 222종목 (×0.7)
[953/1008] 20260418: FAIL — universe too small (0) (0.0초)
[954/1008] 20260419: FAIL — universe too small (0) (0.0초)
    계절성 패널티: 5종목 (ratio>1.4, ×0.3)
    SG6 활성 (k=6219, ma=4111, 거리 +51.3%)
    QoQ 패널티(D6): 212종목 (×0.7)
    계절성 패널티: 5종목 (ratio>1.4, ×0.3)
    SG6 활성 (k=6388, ma=4128, 거리 +54.7%)
    QoQ 패널티(D6): 210종목 (×0.7)
    계절성 패널티: 6종목 (ratio>1.4, ×0.3)
    SG6 활성 (k=6418, ma=4146, 거리 +54.8%)
    QoQ 패널티(D6): 207종목 (×0.7)
    계절성 패널티: 7종목 (ratio>1.4, ×0.3)
    SG6 활성 (k=6476, ma=4163, 거리 +55.6%)
    QoQ 패널티(D6): 209종목 (×0.7)
    계절성 패널티: 7종목 (ratio>1.4, ×0.3)
    SG6 활성 (k=6476, ma=4180, 거리 +54.9%)
    QoQ 패널티(D6): 213종목 (×0.7)
[960/1008] 20260425: FAIL — universe too small (0) (0.0초)
[961/1008] 20260426: FAIL — universe too small (0) (0.0초)
    계절성 패널티: 7종목 (ratio>1.4, ×0.3)
    SG6 활성 (k=6615, ma=4198, 거리 +57.6%)
    QoQ 패널티(D6): 212종목 (×0.7)
    계절성 패널티: 7종목 (ratio>1.4, ×0.3)
    SG6 활성 (k=6641, ma=4215, 거리 +57.6%)
    QoQ 패널티(D6): 210종목 (×0.7)
    계절성 패널티: 7종목 (ratio>1.4, ×0.3)
    SG6 활성 (k=6691, ma=4233, 거리 +58.1%)
    QoQ 패널티(D6): 212종목 (×0.7)
    계절성 패널티: 7종목 (ratio>1.4, ×0.3)
    SG6 활성 (k=6599, ma=4250, 거리 +55.3%)
    QoQ 패널티(D6): 205종목 (×0.7)
[966/1008] 20260501: FAIL — universe too small (0) (0.0초)
[967/1008] 20260502: FAIL — universe too small (0) (0.0초)
[968/1008] 20260503: FAIL — universe too small (0) (0.0초)
    계절성 패널티: 7종목 (ratio>1.4, ×0.3)
    SG6 활성 (k=6937, ma=4268, 거리 +62.5%)
    QoQ 패널티(D6): 195종목 (×0.7)
[970/1008] 20260505: FAIL — universe too small (0) (0.0초)
    계절성 패널티: 7종목 (ratio>1.4, ×0.3)
    SG6 활성 (k=7385, ma=4289, 거리 +72.2%)
    QoQ 패널티(D6): 184종목 (×0.7)
    계절성 패널티: 7종목 (ratio>1.4, ×0.3)
    SG6 활성 (k=7490, ma=4309, 거리 +73.8%)
    QoQ 패널티(D6): 194종목 (×0.7)
    계절성 패널티: 7종목 (ratio>1.4, ×0.3)
    SG6 활성 (k=7498, ma=4330, 거리 +73.2%)
    QoQ 패널티(D6): 197종목 (×0.7)
[974/1008] 20260509: FAIL — universe too small (0) (0.0초)
[975/1008] 20260510: FAIL — universe too small (0) (0.0초)
    계절성 패널티: 7종목 (ratio>1.4, ×0.3)
    SG6 활성 (k=7822, ma=4352, 거리 +79.7%)
    QoQ 패널티(D6): 181종목 (×0.7)
    계절성 패널티: 6종목 (ratio>1.4, ×0.3)
    SG6 활성 (k=7643, ma=4374, 거리 +74.7%)
    QoQ 패널티(D6): 176종목 (×0.7)
    계절성 패널티: 6종목 (ratio>1.4, ×0.3)
    SG6 활성 (k=7844, ma=4396, 거리 +78.4%)
    QoQ 패널티(D6): 166종목 (×0.7)
    계절성 패널티: 6종목 (ratio>1.4, ×0.3)
    SG6 활성 (k=7981, ma=4419, 거리 +80.6%)
    QoQ 패널티(D6): 161종목 (×0.7)
    계절성 패널티: 4종목 (ratio>1.4, ×0.3)
    SG6 활성 (k=7493, ma=4439, 거리 +68.8%)
    QoQ 패널티(D6): 128종목 (×0.7)
[981/1008] 20260516: FAIL — MA120 filter: 0 passed (0.1초)
[982/1008] 20260517: FAIL — MA120 filter: 0 passed (0.1초)
    계절성 패널티: 3종목 (ratio>1.4, ×0.3)
    SG6 활성 (k=7516, ma=4460, 거리 +68.5%)
    QoQ 패널티(D6): 116종목 (×0.7)
    계절성 패널티: 3종목 (ratio>1.4, ×0.3)
    SG6 활성 (k=7272, ma=4478, 거리 +62.4%)
    QoQ 패널티(D6): 103종목 (×0.7)
    계절성 패널티: 3종목 (ratio>1.4, ×0.3)
    SG6 활성 (k=7209, ma=4497, 거리 +60.3%)
    QoQ 패널티(D6): 88종목 (×0.7)
    계절성 패널티: 3종목 (ratio>1.4, ×0.3)
    SG6 활성 (k=7816, ma=4519, 거리 +73.0%)
    QoQ 패널티(D6): 105종목 (×0.7)
    계절성 패널티: 4종목 (ratio>1.4, ×0.3)
    SG6 활성 (k=7848, ma=4540, 거리 +72.8%)
    QoQ 패널티(D6): 116종목 (×0.7)
[988/1008] 20260523: FAIL — MA120 filter: 0 passed (0.1초)
[989/1008] 20260524: FAIL — MA120 filter: 0 passed (0.1초)
[990/1008] 20260525: FAIL — MA120 filter: 0 passed (0.1초)
    계절성 패널티: 4종목 (ratio>1.4, ×0.3)
    SG6 활성 (k=8048, ma=4563, 거리 +76.4%)
    QoQ 패널티(D6): 123종목 (×0.7)
    계절성 패널티: 4종목 (ratio>1.4, ×0.3)
    SG6 활성 (k=8229, ma=4586, 거리 +79.4%)
    QoQ 패널티(D6): 104종목 (×0.7)
    계절성 패널티: 3종목 (ratio>1.4, ×0.3)
    SG6 활성 (k=8185, ma=4610, 거리 +77.6%)
    QoQ 패널티(D6): 94종목 (×0.7)
    계절성 패널티: 2종목 (ratio>1.4, ×0.3)
    SG6 활성 (k=8476, ma=4634, 거리 +82.9%)
    QoQ 패널티(D6): 83종목 (×0.7)
[995/1008] 20260530: FAIL — MA120 filter: 0 passed (0.1초)
[996/1008] 20260531: FAIL — MA120 filter: 0 passed (0.1초)
    계절성 패널티: 2종목 (ratio>1.4, ×0.3)
    SG6 활성 (k=8788, ma=4660, 거리 +88.6%)
    QoQ 패널티(D6): 68종목 (×0.7)
    SG6 활성 (k=8801, ma=4686, 거리 +87.8%)
    QoQ 패널티(D6): 57종목 (×0.7)
[999/1008] 20260603: FAIL — MA120 filter: 0 passed (0.1초)
    계절성 패널티: 1종목 (ratio>1.4, ×0.3)
    SG6 활성 (k=8639, ma=4711, 거리 +83.4%)
    QoQ 패널티(D6): 66종목 (×0.7)
[1000/1008] 20260604: 158종목, 1.2초 (~0분 남음)
    SG6 활성 (k=8161, ma=4734, 거리 +72.4%)
    QoQ 패널티(D6): 54종목 (×0.7)
[1002/1008] 20260606: FAIL — MA120 filter: 0 passed (0.1초)
[1003/1008] 20260607: FAIL — MA120 filter: 0 passed (0.1초)
    SG6 활성 (k=7484, ma=4754, 거리 +57.4%)
    QoQ 패널티(D6): 37종목 (×0.7)
    SG6 활성 (k=8097, ma=4776, 거리 +69.5%)
    QoQ 패널티(D6): 53종목 (×0.7)
    계절성 패널티: 1종목 (ratio>1.4, ×0.3)
    SG6 활성 (k=7731, ma=4797, 거리 +61.2%)
    QoQ 패널티(D6): 46종목 (×0.7)
    SG6 활성 (k=7764, ma=4817, 거리 +61.2%)
    QoQ 패널티(D6): 52종목 (×0.7)
    계절성 패널티: 2종목 (ratio>1.4, ×0.3)
    SG6 활성 (k=8124, ma=4840, 거리 +67.9%)
    QoQ 패널티(D6): 67종목 (×0.7)

============================================================
완료: 984성공 / 24실패 / 1008전체
소요: 25.6분 (평균 1.6초/일)
ranking: 1827일
============================================================
