기간: 20260617 ~ 20260617
거래일: 1일, 기존: 0일, 생성: 1일
출력: _dv_on
=== 데이터 프리로드 (v2) ===
  OHLCV: all_ohlcv_20170601_20260617.parquet
    2486거래일 × 3405종목 (0→NaN 변환 완료)
  Market cap 일괄 로드 중...
    2083일 로드 (3.9초)
  Fundamentals 일괄 로드 중...
    2091일 로드 (4.1초)
  sectors: 286일
  재무제표 로드 중...
    2798종목 (DART 1834 + FnGuide 964, 불일치→FnGuide 124, FnGuide보충 1458417건)
  Growth 팩터 사전계산 중...
    2720종목, 1일 → 15.8초
  TTM 재무제표 사전계산 중...
    2798종목, 1일 → 9.8초
  종목명 빌드...
    캐시에서 2773종목 로드
  거래대금 20일 평균 사전계산 중...
    2083일 (2.1초)
  3년 연속 적자(현재): 538, ni_yearly 캐시: 2798종목
  자산급변(현재): 41, asset_rev_yearly 캐시: 2676종목
  프리로드 완료: 135.4초
  얇은 밸류트랩 제외: 3종목 — 신세계인터내셔날(PER125/PBR0.6/26억) / 삼영전자(PER52/PBR0.5/7억) / 송원산업(PER108/PBR0.3/8억) (고PER>40+저PBR<1.5+거래<50억)
    계절성 패널티: 2종목 (ratio>1.4, ×0.3)
    일회성이익 패널티: 3종목 (B>25.0&C>0.7, ×0.24)
    SG6 활성 (k=8864, ma=4915, 거리 +80.4%)
    QoQ 패널티(D6): 74종목 (×0.7)
[1/1] 20260617: 181종목, 3.0초 (~0분 남음)

============================================================
완료: 1성공 / 0실패 / 1전체
소요: 0.1분 (평균 3.0초/일)
ranking: 1일
============================================================
