[17:34:00] ==================================================
[17:34:00] 퀀트 데일리 파이프라인 시작
[17:34:00] ==================================================
[17:34:00] git pull 동기화
[17:34:00] git pull skip: working tree dirty
[17:34:00] DART 캐시 증분 갱신
[17:34:00] 실행: refresh_dart_cache.py
[17:34:01] DART 갱신: 실패
[17:34:01] FnGuide 증분 갱신 (DART 최근 공시 종목)
[17:34:01] 실행: refresh_fnguide_incremental.py
[17:34:02] FnGuide 갱신: 성공
[17:34:02] DART vs FN 캐시 무결성 검사
[17:34:02] 실행: monitor_dart_fn_health.py
[17:34:48] OHLCV 신규 종목 증분 수집 시작
[17:34:49]   OHLCV 파일: all_ohlcv_20170601_20260616.parquet (3405종목)
[17:34:49]   시총 1000억+: 1427종목
[17:34:49]   누락 종목 없음 — 스킵
[17:34:49] 국면 판단 (KP_MA_CROSS: MA20 > MA80, 5d 확인)
[17:34:49] KOSPI 로드: close=8726.6 MA20=8072.989 MA80=6579.498496582031
[17:34:49] 국면: 📈 공격 모드 (Growth 55%, 3팩터, QoQ-D6-SG6, mom_10+vol, 과열캡) (KOSPI=8727 MA20=8073 MA80=6579 ret20=+16.5%, 신호=boost, 전환=False)
[17:34:49] 파이프라인: FG 직접 호출 (v75)
[17:34:49] 데이터 캐시 갱신 (data_refresher)
[KRX 인증] 초기 접속: HTTP 200, 쿠키: ['__smVisitorID', 'JSESSIONID']
[KRX 인증] 로그인 응답: HTTP 200, 길이: 112
[KRX] login OK (CD001)

==================================================
데이터 캐시 갱신: 20260617
==================================================
캐시에서 시가총액 로드: C:\dev\data_cache\market_cap_ALL_20260617.parquet
[데이터] 시가총액: 2768개 종목
20260617 전체 시장 펀더멘털 일괄 수집 중...
펀더멘털 배치 수집 완료: 2721개 종목
[데이터] 펀더멘털: 2721개 종목
[OHLCV] 캐시: all_ohlcv_20190603_20260616.parquet (3248종목, 1753일)
[OHLCV] 증분: 20260616 → 20260617 (1일)
  +1거래일 → 총 1754일
[OHLCV] 누락 종목 없음
  이전 캐시 삭제: all_ohlcv_20190603_20260616.parquet
  동기화: all_ohlcv_20170601_20260616.parquet → all_ohlcv_20170601_20260617.parquet
[OHLCV] 캐시 저장: all_ohlcv_20190603_20260617.parquet
20260617 KRX 업종분류 수집 중 (pykrx 업종지수)...
  KRX 업종분류: 2613개 종목
[데이터] 섹터: 2613개 종목
[인덱스] kospi: 2일 갱신 (20260617)
[인덱스] kosdaq: 2일 갱신 (20260617)
[완료] 데이터 캐시 갱신: 20260617

[17:35:32] FG 스코어링: boost + defense 병렬
[17:36:39] 가중순위 후처리: boost
[17:36:39] 완료: boost+defense 양쪽 생성, 활성=boost
[17:36:39] ranking 검증: 151종목 (임계 150) — 통과
[17:36:39] 실행: send_telegram_auto.py (타임아웃 600초, 실시간 로깅)
[17:37:51] 텔레그램 전송: 성공
[17:37:56] git push: 성공
[17:37:56] 파이프라인 완료
