[16:16:08] ==================================================
[16:16:08] 퀀트 데일리 파이프라인 시작
[16:16:08] ==================================================
[16:16:08] git pull 동기화
[16:16:09] git pull skip: working tree dirty
[16:16:09] DART 캐시 증분 갱신
[16:16:09] 실행: refresh_dart_cache.py
[16:16:10] DART 갱신: 실패
[16:16:10] FnGuide 증분 갱신 (DART 최근 공시 종목)
[16:16:10] 실행: refresh_fnguide_incremental.py
[16:16:11] FnGuide 갱신: 성공
[16:16:11] DART vs FN 캐시 무결성 검사
[16:16:11] 실행: monitor_dart_fn_health.py
[16:16:58] OHLCV 신규 종목 증분 수집 시작
[16:16:58]   OHLCV 파일: all_ohlcv_20170601_20260616.parquet (3405종목)
[16:16:58]   시총 1000억+: 1427종목
[16:16:58]   누락 종목 없음 — 스킵
[16:16:58] 국면 판단 (KP_MA_CROSS: MA20 > MA80, 5d 확인)
[16:16:58] KOSPI 로드: close=8726.6 MA20=8072.989 MA80=6579.498496582031
[16:16:58] 국면: 📈 공격 모드 (Growth 55%, 3팩터, QoQ-D6-SG6, mom_10+vol, 과열캡) (KOSPI=8727 MA20=8073 MA80=6579 ret20=+16.5%, 신호=boost, 전환=False)
[16:16:58] 파이프라인: FG 직접 호출 (v75)
[16:16:58] 데이터 캐시 갱신 (data_refresher)
[KRX 인증] 초기 접속: HTTP 200, 쿠키: ['__smVisitorID', 'JSESSIONID']
[KRX 인증] 로그인 응답: HTTP 200, 길이: 120
[KRX 인증] 로그인 실패: 패스워드 변경 필요

==================================================
데이터 캐시 갱신: 20260617
==================================================
캐시에서 시가총액 로드: C:\dev\data_cache\market_cap_ALL_20260617.parquet
[데이터] 시가총액: 2768개 종목
20260617 전체 시장 펀더멘털 일괄 수집 중...
  벌크 API 실패: "None of [Index(['BPS', 'PER', 'PBR', 'EPS', 'DIV', 'DPS'], dtype='object')] are in the [columns]"
  폴백: 직전 캐시 사용 (fundamental_batch_ALL_20260616.parquet)
[데이터] 펀더멘털: 2721개 종목
[OHLCV] 캐시: all_ohlcv_20190603_20260616.parquet (3248종목, 1753일)
[OHLCV] 증분: 20260616 → 20260617 (1일)
  20260617: 벌크 실패 (휴장일 가능)
  새 거래일 없음 (휴장일)
[OHLCV] 누락 종목 없음
20260617 KRX 업종분류 수집 중 (pykrx 업종지수)...
  fallback: krx_sector_20260616.parquet
[데이터] 섹터: 2613개 종목
[인덱스] kospi 갱신 실패: '지수명'
[인덱스] kosdaq 갱신 실패: '지수명'
[완료] 데이터 캐시 갱신: 20260617

[16:17:13] FG 스코어링: boost + defense 병렬
[16:17:15] 가중순위 후처리: boost
[16:17:15] ranking 파일 없음: C:\dev\state\ranking_20260617.json
[16:17:15] 후처리 실패
[16:17:15] 포트폴리오 실패 -> 에러 알림 전송
에러 알림 전송 완료
