[18:25:03] ==================================================
[18:25:03] 퀀트 데일리 파이프라인 시작
[18:25:03] ==================================================
[18:25:03] git pull 동기화
[18:25:03] git pull skip: working tree dirty
[18:25:03] DART 캐시 증분 갱신
[18:25:03] 실행: refresh_dart_cache.py
[18:30:42] DART 갱신: 성공
[18:30:42] FnGuide 증분 갱신 (DART 최근 공시 종목)
[18:30:42] 실행: refresh_fnguide_incremental.py
[18:45:43] FnGuide 갱신 타임아웃 (15분) — 기존 캐시로 진행
[18:45:43] DART vs FN 캐시 무결성 검사
[18:45:43] 실행: monitor_dart_fn_health.py
[18:46:35] OHLCV 신규 종목 증분 수집 시작
[18:46:36]   OHLCV 파일: all_ohlcv_20170601_20260512.parquet (3399종목)
[18:46:36]   시총 1000억+: 1560종목
[18:46:36]   누락 종목 없음 — 스킵
[18:46:36] 국면 판단 (KP_MA250_8d)
[18:46:36] KOSPI 로드: close=7643.15 ma250=4172.83392859375 ret20=0.30454336757770695
[18:46:36] 국면: 📈 공격 모드 (Growth 55%) (KOSPI=7643 MA250=4173 ret20=+30.5%, 신호=boost, 전환=False, crash=False)
[18:46:36] 파이프라인: FG 직접 호출 (v75)
[18:46:36] 데이터 캐시 갱신 (data_refresher)
[KRX 인증] 초기 접속: HTTP 200, 쿠키: ['JSESSIONID', '__smVisitorID']
[KRX 인증] 로그인 응답: HTTP 200, 길이: 112
[KRX] login OK (CD001)

==================================================
데이터 캐시 갱신: 20260513
==================================================
20260513 시가총액 데이터 수집 중...
[데이터] 시가총액: 2769개 종목
20260513 전체 시장 펀더멘털 일괄 수집 중...
펀더멘털 배치 수집 완료: 2720개 종목
[데이터] 펀더멘털: 2720개 종목
[OHLCV] 캐시: all_ohlcv_20190603_20260511.parquet (3242종목, 1717일)
[OHLCV] 증분: 20260511 → 20260513 (2일)
  +2거래일 → 총 1719일
[OHLCV] 누락 종목 없음
  이전 캐시 삭제: all_ohlcv_20190603_20260511.parquet
  동기화: all_ohlcv_20170601_20260512.parquet → all_ohlcv_20170601_20260513.parquet
[OHLCV] 캐시 저장: all_ohlcv_20190603_20260513.parquet
20260513 KRX 업종분류 수집 중 (pykrx 업종지수)...
  KRX 업종분류: 2615개 종목
[데이터] 섹터: 2615개 종목
[인덱스] kospi: 2일 갱신 (20260513)
[인덱스] kosdaq: 2일 갱신 (20260513)
[완료] 데이터 캐시 갱신: 20260513

[18:47:15] FG 스코어링: boost + defense 병렬
[18:48:36] 가중순위 후처리: boost
[18:48:36] 완료: boost+defense 양쪽 생성, 활성=boost
[18:48:36] ranking 검증: 288종목 (임계 320) — ⚠️ 미달
[18:48:36] ⚠️ ranking 검증 미달: 288종목 < 320 — 채널 발송 차단, 30분 후 재시도
[18:48:37] 개인봇 알림: 성공
[19:18:37] 재시도: ranking 재생성
[19:18:37] 데이터 캐시 갱신 (data_refresher)

==================================================
데이터 캐시 갱신: 20260513
==================================================
캐시에서 시가총액 로드: C:\dev\data_cache\market_cap_ALL_20260513.parquet
[데이터] 시가총액: 2769개 종목
캐시에서 펀더멘털 배치 로드: C:\dev\data_cache\fundamental_batch_ALL_20260513.parquet
[데이터] 펀더멘털: 2720개 종목
[OHLCV] 캐시: all_ohlcv_20170601_20260513.parquet (3399종목, 2451일)
[OHLCV] 캐시 히트: 20260513 이미 존재
[OHLCV] 누락 종목 없음
캐시에서 섹터 정보 로드: C:\dev\data_cache\krx_sector_20260513.parquet
[데이터] 섹터: 2615개 종목
[인덱스] kospi: 캐시 히트 (20260513)
[인덱스] kosdaq: 캐시 히트 (20260513)
[완료] 데이터 캐시 갱신: 20260513

[19:18:37] FG 스코어링: boost + defense 병렬
[19:20:01] 가중순위 후처리: boost
[19:20:01] 완료: boost+defense 양쪽 생성, 활성=boost
[19:20:01] ranking 검증: 288종목 (임계 320) — ⚠️ 미달
[19:20:01] ⚠️ 재시도 후에도 미달: 288종목 — 발송 보류
[19:20:02] 개인봇 알림: 성공
